<?xml version="1.0" encoding="UTF-8"?>
<!-- Generated by org.testng.reporters.JUnitXMLReporter -->
<testsuite hostname="DESKTOP-5HEF6VE" ignored="0" name="ContactsPageTest" tests="9" failures="1" timestamp="02 Jan 2019 06:16:05 GMT" time="0.337" errors="0">
  <testcase name="@AfterMethod tearDown" time="0.314" classname="GT.GT.ContactsPageTest">
    <failure type="java.lang.NullPointerException">
      <![CDATA[java.lang.NullPointerException
at GT.GT.ContactsPageTest.tearDown(ContactsPageTest.java:317)
... Removed 28 stack frames]]>
    </failure>
  </testcase> <!-- @AfterMethod tearDown -->
  <testcase name="@AfterMethod tearDown" time="0.0" classname="GT.GT.ContactsPageTest">
    <skipped/>
  </testcase> <!-- @AfterMethod tearDown -->
  <testcase name="@AfterMethod tearDown" time="0.0" classname="GT.GT.ContactsPageTest">
    <skipped/>
  </testcase> <!-- @AfterMethod tearDown -->
  <testcase name="@AfterMethod tearDown" time="0.0" classname="GT.GT.ContactsPageTest">
    <skipped/>
  </testcase> <!-- @AfterMethod tearDown -->
  <testcase name="@AfterMethod tearDown" time="0.0" classname="GT.GT.ContactsPageTest">
    <skipped/>
  </testcase> <!-- @AfterMethod tearDown -->
  <testcase name="@AfterMethod tearDown" time="0.0" classname="GT.GT.ContactsPageTest">
    <skipped/>
  </testcase> <!-- @AfterMethod tearDown -->
  <testcase name="@AfterMethod tearDown" time="0.0" classname="GT.GT.ContactsPageTest">
    <skipped/>
  </testcase> <!-- @AfterMethod tearDown -->
  <testcase name="@AfterMethod tearDown" time="0.0" classname="GT.GT.ContactsPageTest">
    <skipped/>
  </testcase> <!-- @AfterMethod tearDown -->
  <testcase name="@AfterMethod tearDown" time="0.0" classname="GT.GT.ContactsPageTest">
    <skipped/>
  </testcase> <!-- @AfterMethod tearDown -->
  <testcase name="verifyAddContactsFromAddContactsTabOnOverlay" time="0.0" classname="GT.GT.ContactsPageTest">
    <failure type="java.lang.NullPointerException">
      <![CDATA[java.lang.NullPointerException
at GT.GT.ContactsPageTest.verifyAddContactsFromAddContactsTabOnOverlay(ContactsPageTest.java:162)
... Removed 25 stack frames]]>
    </failure>
  </testcase> <!-- verifyAddContactsFromAddContactsTabOnOverlay -->
  <testcase name="verifyAddContactsFromMobileContactsTabOnOverlay" time="0.0" classname="GT.GT.ContactsPageTest">
    <skipped/>
  </testcase> <!-- verifyAddContactsFromMobileContactsTabOnOverlay -->
  <testcase name="verifyAddContactsFromWebListsTabOnOverlay" time="0.0" classname="GT.GT.ContactsPageTest">
    <skipped/>
  </testcase> <!-- verifyAddContactsFromWebListsTabOnOverlay -->
  <testcase name="verifyCreateListFromContactsPage" time="0.0" classname="GT.GT.ContactsPageTest">
    <skipped/>
  </testcase> <!-- verifyCreateListFromContactsPage -->
  <testcase name="verifyCreateListFromContactsPageUsingPlusSymbol" time="0.0" classname="GT.GT.ContactsPageTest">
    <skipped/>
  </testcase> <!-- verifyCreateListFromContactsPageUsingPlusSymbol -->
  <testcase name="verifyCreateListFromExcelUpload" time="0.0" classname="GT.GT.ContactsPageTest">
    <skipped/>
  </testcase> <!-- verifyCreateListFromExcelUpload -->
  <testcase name="verifyDeleteAddedContactsFromAddContactsTabOnOverlay" time="0.0" classname="GT.GT.ContactsPageTest">
    <skipped/>
  </testcase> <!-- verifyDeleteAddedContactsFromAddContactsTabOnOverlay -->
  <testcase name="verifyDeleteListFromContactsPage" time="0.0" classname="GT.GT.ContactsPageTest">
    <skipped/>
  </testcase> <!-- verifyDeleteListFromContactsPage -->
  <testcase name="verifyReNameListFromContactsPage" time="0.0" classname="GT.GT.ContactsPageTest">
    <skipped/>
  </testcase> <!-- verifyReNameListFromContactsPage -->
</testsuite> <!-- ContactsPageTest -->
