<?xml version="1.0" encoding="UTF-8"?>
<!-- Generated by org.testng.reporters.JUnitXMLReporter -->
<testsuite hostname="DESKTOP-5HEF6VE" ignored="0" name="CreatingGroupTest" tests="59" failures="1" timestamp="02 Jan 2019 06:16:05 GMT" time="0.766" errors="0">
  <testcase name="@AfterMethod tearDown" time="0.419" classname="GT.GT.CreatingGroupTest">
    <failure type="java.lang.NullPointerException">
      <![CDATA[java.lang.NullPointerException
at GT.GT.CreatingGroupTest.tearDown(CreatingGroupTest.java:2640)
... Removed 28 stack frames]]>
    </failure>
  </testcase> <!-- @AfterMethod tearDown -->
  <testcase name="@AfterMethod tearDown" time="0.0" classname="GT.GT.CreatingGroupTest">
    <skipped/>
  </testcase> <!-- @AfterMethod tearDown -->
  <testcase name="@AfterMethod tearDown" time="0.0" classname="GT.GT.CreatingGroupTest">
    <skipped/>
  </testcase> <!-- @AfterMethod tearDown -->
  <testcase name="@AfterMethod tearDown" time="0.0" classname="GT.GT.CreatingGroupTest">
    <skipped/>
  </testcase> <!-- @AfterMethod tearDown -->
  <testcase name="@AfterMethod tearDown" time="0.0" classname="GT.GT.CreatingGroupTest">
    <skipped/>
  </testcase> <!-- @AfterMethod tearDown -->
  <testcase name="@AfterMethod tearDown" time="0.0" classname="GT.GT.CreatingGroupTest">
    <skipped/>
  </testcase> <!-- @AfterMethod tearDown -->
  <testcase name="@AfterMethod tearDown" time="0.0" classname="GT.GT.CreatingGroupTest">
    <skipped/>
  </testcase> <!-- @AfterMethod tearDown -->
  <testcase name="@AfterMethod tearDown" time="0.0" classname="GT.GT.CreatingGroupTest">
    <skipped/>
  </testcase> <!-- @AfterMethod tearDown -->
  <testcase name="@AfterMethod tearDown" time="0.0" classname="GT.GT.CreatingGroupTest">
    <skipped/>
  </testcase> <!-- @AfterMethod tearDown -->
  <testcase name="@AfterMethod tearDown" time="0.0" classname="GT.GT.CreatingGroupTest">
    <skipped/>
  </testcase> <!-- @AfterMethod tearDown -->
  <testcase name="@AfterMethod tearDown" time="0.0" classname="GT.GT.CreatingGroupTest">
    <skipped/>
  </testcase> <!-- @AfterMethod tearDown -->
  <testcase name="@AfterMethod tearDown" time="0.0" classname="GT.GT.CreatingGroupTest">
    <skipped/>
  </testcase> <!-- @AfterMethod tearDown -->
  <testcase name="@AfterMethod tearDown" time="0.0" classname="GT.GT.CreatingGroupTest">
    <skipped/>
  </testcase> <!-- @AfterMethod tearDown -->
  <testcase name="@AfterMethod tearDown" time="0.0" classname="GT.GT.CreatingGroupTest">
    <skipped/>
  </testcase> <!-- @AfterMethod tearDown -->
  <testcase name="@AfterMethod tearDown" time="0.0" classname="GT.GT.CreatingGroupTest">
    <skipped/>
  </testcase> <!-- @AfterMethod tearDown -->
  <testcase name="@AfterMethod tearDown" time="0.0" classname="GT.GT.CreatingGroupTest">
    <skipped/>
  </testcase> <!-- @AfterMethod tearDown -->
  <testcase name="@AfterMethod tearDown" time="0.0" classname="GT.GT.CreatingGroupTest">
    <skipped/>
  </testcase> <!-- @AfterMethod tearDown -->
  <testcase name="@AfterMethod tearDown" time="0.0" classname="GT.GT.CreatingGroupTest">
    <skipped/>
  </testcase> <!-- @AfterMethod tearDown -->
  <testcase name="@AfterMethod tearDown" time="0.0" classname="GT.GT.CreatingGroupTest">
    <skipped/>
  </testcase> <!-- @AfterMethod tearDown -->
  <testcase name="@AfterMethod tearDown" time="0.0" classname="GT.GT.CreatingGroupTest">
    <skipped/>
  </testcase> <!-- @AfterMethod tearDown -->
  <testcase name="@AfterMethod tearDown" time="0.0" classname="GT.GT.CreatingGroupTest">
    <skipped/>
  </testcase> <!-- @AfterMethod tearDown -->
  <testcase name="@AfterMethod tearDown" time="0.0" classname="GT.GT.CreatingGroupTest">
    <skipped/>
  </testcase> <!-- @AfterMethod tearDown -->
  <testcase name="@AfterMethod tearDown" time="0.0" classname="GT.GT.CreatingGroupTest">
    <skipped/>
  </testcase> <!-- @AfterMethod tearDown -->
  <testcase name="@AfterMethod tearDown" time="0.0" classname="GT.GT.CreatingGroupTest">
    <skipped/>
  </testcase> <!-- @AfterMethod tearDown -->
  <testcase name="@AfterMethod tearDown" time="0.0" classname="GT.GT.CreatingGroupTest">
    <skipped/>
  </testcase> <!-- @AfterMethod tearDown -->
  <testcase name="@AfterMethod tearDown" time="0.0" classname="GT.GT.CreatingGroupTest">
    <skipped/>
  </testcase> <!-- @AfterMethod tearDown -->
  <testcase name="@AfterMethod tearDown" time="0.0" classname="GT.GT.CreatingGroupTest">
    <skipped/>
  </testcase> <!-- @AfterMethod tearDown -->
  <testcase name="@AfterMethod tearDown" time="0.0" classname="GT.GT.CreatingGroupTest">
    <skipped/>
  </testcase> <!-- @AfterMethod tearDown -->
  <testcase name="@AfterMethod tearDown" time="0.0" classname="GT.GT.CreatingGroupTest">
    <skipped/>
  </testcase> <!-- @AfterMethod tearDown -->
  <testcase name="@AfterMethod tearDown" time="0.0" classname="GT.GT.CreatingGroupTest">
    <skipped/>
  </testcase> <!-- @AfterMethod tearDown -->
  <testcase name="@AfterMethod tearDown" time="0.0" classname="GT.GT.CreatingGroupTest">
    <skipped/>
  </testcase> <!-- @AfterMethod tearDown -->
  <testcase name="@AfterMethod tearDown" time="0.0" classname="GT.GT.CreatingGroupTest">
    <skipped/>
  </testcase> <!-- @AfterMethod tearDown -->
  <testcase name="@AfterMethod tearDown" time="0.0" classname="GT.GT.CreatingGroupTest">
    <skipped/>
  </testcase> <!-- @AfterMethod tearDown -->
  <testcase name="@AfterMethod tearDown" time="0.0" classname="GT.GT.CreatingGroupTest">
    <skipped/>
  </testcase> <!-- @AfterMethod tearDown -->
  <testcase name="@AfterMethod tearDown" time="0.0" classname="GT.GT.CreatingGroupTest">
    <skipped/>
  </testcase> <!-- @AfterMethod tearDown -->
  <testcase name="@AfterMethod tearDown" time="0.0" classname="GT.GT.CreatingGroupTest">
    <skipped/>
  </testcase> <!-- @AfterMethod tearDown -->
  <testcase name="@AfterMethod tearDown" time="0.0" classname="GT.GT.CreatingGroupTest">
    <skipped/>
  </testcase> <!-- @AfterMethod tearDown -->
  <testcase name="@AfterMethod tearDown" time="0.0" classname="GT.GT.CreatingGroupTest">
    <skipped/>
  </testcase> <!-- @AfterMethod tearDown -->
  <testcase name="@AfterMethod tearDown" time="0.0" classname="GT.GT.CreatingGroupTest">
    <skipped/>
  </testcase> <!-- @AfterMethod tearDown -->
  <testcase name="@AfterMethod tearDown" time="0.0" classname="GT.GT.CreatingGroupTest">
    <skipped/>
  </testcase> <!-- @AfterMethod tearDown -->
  <testcase name="@AfterMethod tearDown" time="0.0" classname="GT.GT.CreatingGroupTest">
    <skipped/>
  </testcase> <!-- @AfterMethod tearDown -->
  <testcase name="@AfterMethod tearDown" time="0.0" classname="GT.GT.CreatingGroupTest">
    <skipped/>
  </testcase> <!-- @AfterMethod tearDown -->
  <testcase name="@AfterMethod tearDown" time="0.0" classname="GT.GT.CreatingGroupTest">
    <skipped/>
  </testcase> <!-- @AfterMethod tearDown -->
  <testcase name="@AfterMethod tearDown" time="0.0" classname="GT.GT.CreatingGroupTest">
    <skipped/>
  </testcase> <!-- @AfterMethod tearDown -->
  <testcase name="@AfterMethod tearDown" time="0.0" classname="GT.GT.CreatingGroupTest">
    <skipped/>
  </testcase> <!-- @AfterMethod tearDown -->
  <testcase name="@AfterMethod tearDown" time="0.0" classname="GT.GT.CreatingGroupTest">
    <skipped/>
  </testcase> <!-- @AfterMethod tearDown -->
  <testcase name="@AfterMethod tearDown" time="0.0" classname="GT.GT.CreatingGroupTest">
    <skipped/>
  </testcase> <!-- @AfterMethod tearDown -->
  <testcase name="@AfterMethod tearDown" time="0.0" classname="GT.GT.CreatingGroupTest">
    <skipped/>
  </testcase> <!-- @AfterMethod tearDown -->
  <testcase name="@AfterMethod tearDown" time="0.0" classname="GT.GT.CreatingGroupTest">
    <skipped/>
  </testcase> <!-- @AfterMethod tearDown -->
  <testcase name="@AfterMethod tearDown" time="0.0" classname="GT.GT.CreatingGroupTest">
    <skipped/>
  </testcase> <!-- @AfterMethod tearDown -->
  <testcase name="@AfterMethod tearDown" time="0.0" classname="GT.GT.CreatingGroupTest">
    <skipped/>
  </testcase> <!-- @AfterMethod tearDown -->
  <testcase name="@AfterMethod tearDown" time="0.0" classname="GT.GT.CreatingGroupTest">
    <skipped/>
  </testcase> <!-- @AfterMethod tearDown -->
  <testcase name="@AfterMethod tearDown" time="0.0" classname="GT.GT.CreatingGroupTest">
    <skipped/>
  </testcase> <!-- @AfterMethod tearDown -->
  <testcase name="@AfterMethod tearDown" time="0.0" classname="GT.GT.CreatingGroupTest">
    <skipped/>
  </testcase> <!-- @AfterMethod tearDown -->
  <testcase name="@AfterMethod tearDown" time="0.0" classname="GT.GT.CreatingGroupTest">
    <skipped/>
  </testcase> <!-- @AfterMethod tearDown -->
  <testcase name="@AfterMethod tearDown" time="0.0" classname="GT.GT.CreatingGroupTest">
    <skipped/>
  </testcase> <!-- @AfterMethod tearDown -->
  <testcase name="@AfterMethod tearDown" time="0.0" classname="GT.GT.CreatingGroupTest">
    <skipped/>
  </testcase> <!-- @AfterMethod tearDown -->
  <testcase name="@AfterMethod tearDown" time="0.0" classname="GT.GT.CreatingGroupTest">
    <skipped/>
  </testcase> <!-- @AfterMethod tearDown -->
  <testcase name="@AfterMethod tearDown" time="0.0" classname="GT.GT.CreatingGroupTest">
    <skipped/>
  </testcase> <!-- @AfterMethod tearDown -->
  <testcase name="VerifyAllowNonMembersOptionInAdvancedSettingsOnOverlayInEditGrpTalk" time="0.016" classname="GT.GT.CreatingGroupTest">
    <failure type="java.lang.NullPointerException">
      <![CDATA[java.lang.NullPointerException
at GT.GT.CreatingGroupTest.VerifyAllowNonMembersOptionInAdvancedSettingsOnOverlayInEditGrpTalk(CreatingGroupTest.java:1863)
... Removed 25 stack frames]]>
    </failure>
  </testcase> <!-- VerifyAllowNonMembersOptionInAdvancedSettingsOnOverlayInEditGrpTalk -->
  <testcase name="VerifyAssignCallManagerOptionInAdvancedSettingsOnOverlayForSchedule" time="0.0" classname="GT.GT.CreatingGroupTest">
    <skipped/>
  </testcase> <!-- VerifyAssignCallManagerOptionInAdvancedSettingsOnOverlayForSchedule -->
  <testcase name="VerifyDialInOptionAndAllowNonMembersOptionInAdvancedSettingsOnOverlayInEditGrpTalk" time="0.0" classname="GT.GT.CreatingGroupTest">
    <skipped/>
  </testcase> <!-- VerifyDialInOptionAndAllowNonMembersOptionInAdvancedSettingsOnOverlayInEditGrpTalk -->
  <testcase name="VerifyDialInOptionInAdvancedSettingsOnOverlayForSchedule" time="0.0" classname="GT.GT.CreatingGroupTest">
    <skipped/>
  </testcase> <!-- VerifyDialInOptionInAdvancedSettingsOnOverlayForSchedule -->
  <testcase name="VerifyDialInOptionInAdvancedSettingsOnOverlayInEditGrpTalk" time="0.0" classname="GT.GT.CreatingGroupTest">
    <skipped/>
  </testcase> <!-- VerifyDialInOptionInAdvancedSettingsOnOverlayInEditGrpTalk -->
  <testcase name="verifyAddContactsFromContactsListByEditngSavedGroupOnMyGrpTalkPage" time="0.0" classname="GT.GT.CreatingGroupTest">
    <skipped/>
  </testcase> <!-- verifyAddContactsFromContactsListByEditngSavedGroupOnMyGrpTalkPage -->
  <testcase name="verifyAddMemberInOnGoingGrpCallFromCreateGroupTalkPageByCreatingNewGroup" time="0.0" classname="GT.GT.CreatingGroupTest">
    <skipped/>
  </testcase> <!-- verifyAddMemberInOnGoingGrpCallFromCreateGroupTalkPageByCreatingNewGroup -->
  <testcase name="verifyAddMemberInOnGoingGrpCallThroughWebList" time="0.0" classname="GT.GT.CreatingGroupTest">
    <skipped/>
  </testcase> <!-- verifyAddMemberInOnGoingGrpCallThroughWebList -->
  <testcase name="verifyAddMoreNumberOfUsersthanMaximunLimitFromContactList" time="0.0" classname="GT.GT.CreatingGroupTest">
    <skipped/>
  </testcase> <!-- verifyAddMoreNumberOfUsersthanMaximunLimitFromContactList -->
  <testcase name="verifyAllButtonsDisplayedOnCallOverlay" time="0.0" classname="GT.GT.CreatingGroupTest">
    <skipped/>
  </testcase> <!-- verifyAllButtonsDisplayedOnCallOverlay -->
  <testcase name="verifyCallFunctionalityForPrivateRoomTab" time="0.0" classname="GT.GT.CreatingGroupTest">
    <skipped/>
  </testcase> <!-- verifyCallFunctionalityForPrivateRoomTab -->
  <testcase name="verifyCallFunctionalityFromAllMembersTab" time="0.0" classname="GT.GT.CreatingGroupTest">
    <skipped/>
  </testcase> <!-- verifyCallFunctionalityFromAllMembersTab -->
  <testcase name="verifyCallFunctionalityFromCreateGroupTalkPageByCreatingNewGroup" time="0.0" classname="GT.GT.CreatingGroupTest">
    <skipped/>
  </testcase> <!-- verifyCallFunctionalityFromCreateGroupTalkPageByCreatingNewGroup -->
  <testcase name="verifyCallFunctionalityFromOnCallTab" time="0.0" classname="GT.GT.CreatingGroupTest">
    <skipped/>
  </testcase> <!-- verifyCallFunctionalityFromOnCallTab -->
  <testcase name="verifyCallFunctionalityFromQuickDialButtonInMyGrpTalk" time="0.0" classname="GT.GT.CreatingGroupTest">
    <skipped/>
  </testcase> <!-- verifyCallFunctionalityFromQuickDialButtonInMyGrpTalk -->
  <testcase name="verifyCallFunctionalityFromUnMutedCount" time="0.0" classname="GT.GT.CreatingGroupTest">
    <skipped/>
  </testcase> <!-- verifyCallFunctionalityFromUnMutedCount -->
  <testcase name="verifyCallFunctionalityOfDialAllButtonInCallEndedTab" time="0.0" classname="GT.GT.CreatingGroupTest">
    <skipped/>
  </testcase> <!-- verifyCallFunctionalityOfDialAllButtonInCallEndedTab -->
  <testcase name="verifyCallFunctionalityOfIndividualDialInCallEndedTab" time="0.0" classname="GT.GT.CreatingGroupTest">
    <skipped/>
  </testcase> <!-- verifyCallFunctionalityOfIndividualDialInCallEndedTab -->
  <testcase name="verifyCallFunctionalityOfSavedGrpTalkGroupOnMyGrpTalkPage" time="0.0" classname="GT.GT.CreatingGroupTest">
    <skipped/>
  </testcase> <!-- verifyCallFunctionalityOfSavedGrpTalkGroupOnMyGrpTalkPage -->
  <testcase name="verifyCallFunctionalityOfTestContactsFromCreateGroupTalkPage" time="0.0" classname="GT.GT.CreatingGroupTest">
    <skipped/>
  </testcase> <!-- verifyCallFunctionalityOfTestContactsFromCreateGroupTalkPage -->
  <testcase name="verifyCallFunctionalityWhenMuteAllButtonIsClickedInUnMutedTab" time="0.0" classname="GT.GT.CreatingGroupTest">
    <skipped/>
  </testcase> <!-- verifyCallFunctionalityWhenMuteAllButtonIsClickedInUnMutedTab -->
  <testcase name="verifyCanclefunctionalityOnOverlayInGrpCall" time="0.0" classname="GT.GT.CreatingGroupTest">
    <skipped/>
  </testcase> <!-- verifyCanclefunctionalityOnOverlayInGrpCall -->
  <testcase name="verifyContactListInPhoneContacts" time="0.0" classname="GT.GT.CreatingGroupTest">
    <skipped/>
  </testcase> <!-- verifyContactListInPhoneContacts -->
  <testcase name="verifyCreateWebLIst" time="0.0" classname="GT.GT.CreatingGroupTest">
    <skipped/>
  </testcase> <!-- verifyCreateWebLIst -->
  <testcase name="verifyDatePickerFunctionalityForScheduleOnEditGrpTalks" time="0.0" classname="GT.GT.CreatingGroupTest">
    <skipped/>
  </testcase> <!-- verifyDatePickerFunctionalityForScheduleOnEditGrpTalks -->
  <testcase name="verifyDatePickerFunctionalityOnEditGrpTalks" time="0.0" classname="GT.GT.CreatingGroupTest">
    <skipped/>
  </testcase> <!-- verifyDatePickerFunctionalityOnEditGrpTalks -->
  <testcase name="verifyDialFunctionalityOfScheduleGroup" time="0.0" classname="GT.GT.CreatingGroupTest">
    <skipped/>
  </testcase> <!-- verifyDialFunctionalityOfScheduleGroup -->
  <testcase name="verifyErrorMessageWhenJunkDataGivenInSearchBox" time="0.0" classname="GT.GT.CreatingGroupTest">
    <skipped/>
  </testcase> <!-- verifyErrorMessageWhenJunkDataGivenInSearchBox -->
  <testcase name="verifyErrorMsgWhenWeSubmitSaveButtonWithOutEnterGrpTalkName" time="0.0" classname="GT.GT.CreatingGroupTest">
    <skipped/>
  </testcase> <!-- verifyErrorMsgWhenWeSubmitSaveButtonWithOutEnterGrpTalkName -->
  <testcase name="verifyErrorMsgWhenWeSubmitSaveButtonWithOutSelectingAnyPhoneContacts" time="0.0" classname="GT.GT.CreatingGroupTest">
    <skipped/>
  </testcase> <!-- verifyErrorMsgWhenWeSubmitSaveButtonWithOutSelectingAnyPhoneContacts -->
  <testcase name="verifyErrorMsgWhenWeSubmitScheduleButtonWithOutEnterGrpTalkName" time="0.0" classname="GT.GT.CreatingGroupTest">
    <skipped/>
  </testcase> <!-- verifyErrorMsgWhenWeSubmitScheduleButtonWithOutEnterGrpTalkName -->
  <testcase name="verifyErrorMsgWhenWeSubmitScheduleButtonWithOutSelectingAnyPhoneContacts" time="0.0" classname="GT.GT.CreatingGroupTest">
    <skipped/>
  </testcase> <!-- verifyErrorMsgWhenWeSubmitScheduleButtonWithOutSelectingAnyPhoneContacts -->
  <testcase name="verifyErrorMsgWhenWeSubmitStartNowButtonWithOutEnterGrpTalkName" time="0.0" classname="GT.GT.CreatingGroupTest">
    <skipped/>
  </testcase> <!-- verifyErrorMsgWhenWeSubmitStartNowButtonWithOutEnterGrpTalkName -->
  <testcase name="verifyErrorMsgWhenWeSubmitStartNowButtonWithOutSelectingAnyPhoneContacts" time="0.0" classname="GT.GT.CreatingGroupTest">
    <skipped/>
  </testcase> <!-- verifyErrorMsgWhenWeSubmitStartNowButtonWithOutSelectingAnyPhoneContacts -->
  <testcase name="verifyFooterTextDisplayedOnMyGrpTalksPage" time="0.0" classname="GT.GT.CreatingGroupTest">
    <skipped/>
  </testcase> <!-- verifyFooterTextDisplayedOnMyGrpTalksPage -->
  <testcase name="verifyGrpTalkNameFieldOnCreateGroupTalk" time="0.0" classname="GT.GT.CreatingGroupTest">
    <skipped/>
  </testcase> <!-- verifyGrpTalkNameFieldOnCreateGroupTalk -->
  <testcase name="verifyHangUpInOnGoingCallOfindividualUser" time="0.0" classname="GT.GT.CreatingGroupTest">
    <skipped/>
  </testcase> <!-- verifyHangUpInOnGoingCallOfindividualUser -->
  <testcase name="verifyHeaderTabsAndLogosDisplayedOnMyGrpTalksPage" time="0.0" classname="GT.GT.CreatingGroupTest">
    <skipped/>
  </testcase> <!-- verifyHeaderTabsAndLogosDisplayedOnMyGrpTalksPage -->
  <testcase name="verifyHistoryOfGroup" time="0.0" classname="GT.GT.CreatingGroupTest">
    <skipped/>
  </testcase> <!-- verifyHistoryOfGroup -->
  <testcase name="verifyMuteCallFunctionalityFromCreateGroupTalkPageByCreatingNewGroup" time="0.0" classname="GT.GT.CreatingGroupTest">
    <skipped/>
  </testcase> <!-- verifyMuteCallFunctionalityFromCreateGroupTalkPageByCreatingNewGroup -->
  <testcase name="verifyMuteDialFunctionalityFromScheduleOverlay" time="0.0" classname="GT.GT.CreatingGroupTest">
    <skipped/>
  </testcase> <!-- verifyMuteDialFunctionalityFromScheduleOverlay -->
  <testcase name="verifyMuteDialfunctionalityOnOverlayInGrpCall" time="0.0" classname="GT.GT.CreatingGroupTest">
    <skipped/>
  </testcase> <!-- verifyMuteDialfunctionalityOnOverlayInGrpCall -->
  <testcase name="verifyMuteFunctionalityInOnGoingGrpCallThroughNormalDial" time="0.0" classname="GT.GT.CreatingGroupTest">
    <skipped/>
  </testcase> <!-- verifyMuteFunctionalityInOnGoingGrpCallThroughNormalDial -->
  <testcase name="verifyNonRepeatedGroupCallFunctionalityThroughHistory" time="0.0" classname="GT.GT.CreatingGroupTest">
    <skipped/>
  </testcase> <!-- verifyNonRepeatedGroupCallFunctionalityThroughHistory -->
  <testcase name="verifyNumberOfUsersFromSelectedContactsTab" time="0.0" classname="GT.GT.CreatingGroupTest">
    <skipped/>
  </testcase> <!-- verifyNumberOfUsersFromSelectedContactsTab -->
  <testcase name="verifyQuickDialButtonFunctionalityofGroupsInMyGrpTalk" time="0.0" classname="GT.GT.CreatingGroupTest">
    <skipped/>
  </testcase> <!-- verifyQuickDialButtonFunctionalityofGroupsInMyGrpTalk -->
  <testcase name="verifyRemoveContactFromSavedGroupOnMyGrpTalkPage" time="0.0" classname="GT.GT.CreatingGroupTest">
    <skipped/>
  </testcase> <!-- verifyRemoveContactFromSavedGroupOnMyGrpTalkPage -->
  <testcase name="verifyRemoveFunctionalityOfSavedGroupsOnMyGrpTalkPage" time="0.0" classname="GT.GT.CreatingGroupTest">
    <skipped/>
  </testcase> <!-- verifyRemoveFunctionalityOfSavedGroupsOnMyGrpTalkPage -->
  <testcase name="verifyRepeatDaysFunctionalityOnEditGrpTalks" time="0.0" classname="GT.GT.CreatingGroupTest">
    <skipped/>
  </testcase> <!-- verifyRepeatDaysFunctionalityOnEditGrpTalks -->
  <testcase name="verifyRepeatGrpCalEveryDayFunctionalityThroughHistory" time="0.0" classname="GT.GT.CreatingGroupTest">
    <skipped/>
  </testcase> <!-- verifyRepeatGrpCalEveryDayFunctionalityThroughHistory -->
  <testcase name="verifyScheduleGrpTalk" time="0.0" classname="GT.GT.CreatingGroupTest">
    <skipped/>
  </testcase> <!-- verifyScheduleGrpTalk -->
  <testcase name="verifySearchOptionWithPartialValidUserName" time="0.0" classname="GT.GT.CreatingGroupTest">
    <skipped/>
  </testcase> <!-- verifySearchOptionWithPartialValidUserName -->
  <testcase name="verifySearchOptionWithfullValidUserName" time="0.0" classname="GT.GT.CreatingGroupTest">
    <skipped/>
  </testcase> <!-- verifySearchOptionWithfullValidUserName -->
  <testcase name="verifySelectContactFromContactList" time="0.0" classname="GT.GT.CreatingGroupTest">
    <skipped/>
  </testcase> <!-- verifySelectContactFromContactList -->
  <testcase name="verifySelectSpecificCharacterOfContactsInPhoneContacts" time="0.0" classname="GT.GT.CreatingGroupTest">
    <skipped/>
  </testcase> <!-- verifySelectSpecificCharacterOfContactsInPhoneContacts -->
  <testcase name="verifyUnMuteFromMuteDialfunctionalityInGrpCall" time="0.0" classname="GT.GT.CreatingGroupTest">
    <skipped/>
  </testcase> <!-- verifyUnMuteFromMuteDialfunctionalityInGrpCall -->
  <testcase name="verify_list_Of_Group_Users_On_MyGrpTalk_Page" time="0.0" classname="GT.GT.CreatingGroupTest">
    <skipped/>
  </testcase> <!-- verify_list_Of_Group_Users_On_MyGrpTalk_Page -->
  <testcase name="verifyfunctionalityOfExcelReportDownloadOptionOnHistory" time="0.0" classname="GT.GT.CreatingGroupTest">
    <skipped/>
  </testcase> <!-- verifyfunctionalityOfExcelReportDownloadOptionOnHistory -->
  <testcase name="verifyAddMemberInOnGoingGrpCallThroughContacts" time="0.0" classname="GT.GT.CreatingGroupTest">
    <skipped/>
  </testcase> <!-- verifyAddMemberInOnGoingGrpCallThroughContacts -->
</testsuite> <!-- CreatingGroupTest -->
