<?xml version="1.0" encoding="UTF-8"?>
<!-- Generated by org.testng.reporters.JUnitXMLReporter -->
<testsuite hostname="DESKTOP-5HEF6VE" ignored="75" name="ChromeTest" tests="1" failures="1" timestamp="04 Jul 2019 04:57:53 GMT" time="41.691" errors="0">
  <testcase name="@AfterMethod tearDown" time="11.743" classname="utility.BrowserFunctions">
    <failure type="org.openqa.selenium.WebDriverException" message="chrome not reachable
  (Session info: chrome=75.0.3770.100)
  (Driver info: chromedriver=2.43.600210 (68dcf5eebde37173d4027fa8635e332711d2874a),platform=Windows NT 10.0.15063 x86_64) (WARNING: The server did not provide any stacktrace information)
Command duration or timeout: 0 milliseconds
Build info: version: &amp;apos;3.12.0&amp;apos;, revision: &amp;apos;7c6e0b3&amp;apos;, time: &amp;apos;2018-05-08T15:15:03.216Z&amp;apos;
System info: host: &amp;apos;DESKTOP-5HEF6VE&amp;apos;, ip: &amp;apos;192.168.72.155&amp;apos;, os.name: &amp;apos;Windows 10&amp;apos;, os.arch: &amp;apos;amd64&amp;apos;, os.version: &amp;apos;10.0&amp;apos;, java.version: &amp;apos;1.8.0_171&amp;apos;
Driver info: org.openqa.selenium.chrome.ChromeDriver
Capabilities {acceptInsecureCerts: false, acceptSslCerts: false, applicationCacheEnabled: false, browserConnectionEnabled: false, browserName: chrome, chrome: {chromedriverVersion: 2.43.600210 (68dcf5eebde371..., userDataDir: C:\Users\smsc\AppData\Local...}, cssSelectorsEnabled: true, databaseEnabled: false, goog:chromeOptions: {debuggerAddress: localhost:14913}, handlesAlerts: true, hasTouchScreen: false, javascriptEnabled: true, locationContextEnabled: true, mobileEmulationEnabled: false, nativeEvents: true, networkConnectionEnabled: false, pageLoadStrategy: normal, platform: XP, platformName: XP, rotatable: false, setWindowRect: true, takesHeapSnapshot: true, takesScreenshot: true, unexpectedAlertBehaviour: , unhandledPromptBehavior: , version: 75.0.3770.100, webStorageEnabled: true}
Session ID: e7d24c61c85d317007679eb15ee58552">
      <![CDATA[org.openqa.selenium.WebDriverException: chrome not reachable
  (Session info: chrome=75.0.3770.100)
  (Driver info: chromedriver=2.43.600210 (68dcf5eebde37173d4027fa8635e332711d2874a),platform=Windows NT 10.0.15063 x86_64) (WARNING: The server did not provide any stacktrace information)
Command duration or timeout: 0 milliseconds
Build info: version: '3.12.0', revision: '7c6e0b3', time: '2018-05-08T15:15:03.216Z'
System info: host: 'DESKTOP-5HEF6VE', ip: '192.168.72.155', os.name: 'Windows 10', os.arch: 'amd64', os.version: '10.0', java.version: '1.8.0_171'
Driver info: org.openqa.selenium.chrome.ChromeDriver
Capabilities {acceptInsecureCerts: false, acceptSslCerts: false, applicationCacheEnabled: false, browserConnectionEnabled: false, browserName: chrome, chrome: {chromedriverVersion: 2.43.600210 (68dcf5eebde371..., userDataDir: C:\Users\smsc\AppData\Local...}, cssSelectorsEnabled: true, databaseEnabled: false, goog:chromeOptions: {debuggerAddress: localhost:14913}, handlesAlerts: true, hasTouchScreen: false, javascriptEnabled: true, locationContextEnabled: true, mobileEmulationEnabled: false, nativeEvents: true, networkConnectionEnabled: false, pageLoadStrategy: normal, platform: XP, platformName: XP, rotatable: false, setWindowRect: true, takesHeapSnapshot: true, takesScreenshot: true, unexpectedAlertBehaviour: , unhandledPromptBehavior: , version: 75.0.3770.100, webStorageEnabled: true}
Session ID: e7d24c61c85d317007679eb15ee58552
at org.openqa.selenium.remote.ErrorHandler.createThrowable(ErrorHandler.java:214)
at org.openqa.selenium.remote.ErrorHandler.throwIfResponseFailed(ErrorHandler.java:166)
at org.openqa.selenium.remote.http.JsonHttpResponseCodec.reconstructValue(JsonHttpResponseCodec.java:40)
at org.openqa.selenium.remote.http.AbstractHttpResponseCodec.decode(AbstractHttpResponseCodec.java:80)
at org.openqa.selenium.remote.http.AbstractHttpResponseCodec.decode(AbstractHttpResponseCodec.java:44)
at org.openqa.selenium.remote.HttpCommandExecutor.execute(HttpCommandExecutor.java:158)
at org.openqa.selenium.remote.service.DriverCommandExecutor.execute(DriverCommandExecutor.java:83)
at org.openqa.selenium.remote.RemoteWebDriver.execute(RemoteWebDriver.java:543)
at org.openqa.selenium.remote.RemoteWebDriver.execute(RemoteWebDriver.java:600)
at org.openqa.selenium.remote.RemoteWebDriver$RemoteTargetLocator.alert(RemoteWebDriver.java:923)
at org.openqa.selenium.support.ui.ExpectedConditions$28.apply(ExpectedConditions.java:822)
at org.openqa.selenium.support.ui.ExpectedConditions$28.apply(ExpectedConditions.java:818)
at org.openqa.selenium.support.ui.FluentWait.until(FluentWait.java:248)
at utility.CommonMethods.isAlertPresent(CommonMethods.java:74)
at utility.CommonMethods.handleAlert(CommonMethods.java:51)
at utility.BrowserFunctions.tearDown(BrowserFunctions.java:146)
... Removed 32 stack frames]]>
    </failure>
  </testcase> <!-- @AfterMethod tearDown -->
  <testcase name="verifySearchOptionWithPartialValidUserName" time="13.256" classname="GT.GT.CreatingGroupTest">
    <failure type="java.lang.AssertionError" message="expected [1] but found [100]">
      <![CDATA[java.lang.AssertionError: expected [1] but found [100]
at GT.GT.CreatingGroupTest.verifySearchOptionWithPartialValidUserName(CreatingGroupTest.java:465)
... Removed 31 stack frames]]>
    </failure>
  </testcase> <!-- verifySearchOptionWithPartialValidUserName -->
  <testcase name="verifyErrorMsgWhenWeSubmitStartNowButtonWithOutEnterGrpTalkName" time="0.0" classname="GT.GT.CreatingGroupTest">
    <ignored/>
  </testcase> <!-- verifyErrorMsgWhenWeSubmitStartNowButtonWithOutEnterGrpTalkName -->
  <testcase name="verifyHangUpInOnGoingCallOfindividualUser" time="0.0" classname="GT.GT.CreatingGroupTest">
    <ignored/>
  </testcase> <!-- verifyHangUpInOnGoingCallOfindividualUser -->
  <testcase name="verifySearchOptionWithfullValidUserName" time="0.0" classname="GT.GT.CreatingGroupTest">
    <ignored/>
  </testcase> <!-- verifySearchOptionWithfullValidUserName -->
  <testcase name="verifyErrorMsgWhenWeSubmitScheduleButtonWithOutSelectingAnyPhoneContacts" time="0.0" classname="GT.GT.CreatingGroupTest">
    <ignored/>
  </testcase> <!-- verifyErrorMsgWhenWeSubmitScheduleButtonWithOutSelectingAnyPhoneContacts -->
  <testcase name="verifyErrorMessageWhenJunkDataGivenInSearchBox" time="0.0" classname="GT.GT.CreatingGroupTest">
    <ignored/>
  </testcase> <!-- verifyErrorMessageWhenJunkDataGivenInSearchBox -->
  <testcase name="verifyCallFunctionalityOfTestContactsFromCreateGroupTalkPage" time="0.0" classname="GT.GT.CreatingGroupTest">
    <ignored/>
  </testcase> <!-- verifyCallFunctionalityOfTestContactsFromCreateGroupTalkPage -->
  <testcase name="verify_list_Of_Group_Users_On_MyGrpTalk_Page" time="0.0" classname="GT.GT.CreatingGroupTest">
    <ignored/>
  </testcase> <!-- verify_list_Of_Group_Users_On_MyGrpTalk_Page -->
  <testcase name="verifyRemoveFunctionalityOfSavedGroupsOnMyGrpTalkPage" time="0.0" classname="GT.GT.CreatingGroupTest">
    <ignored/>
  </testcase> <!-- verifyRemoveFunctionalityOfSavedGroupsOnMyGrpTalkPage -->
  <testcase name="verifyErrorMsgWhenWeSubmitSaveButtonWithOutEnterGrpTalkName" time="0.0" classname="GT.GT.CreatingGroupTest">
    <ignored/>
  </testcase> <!-- verifyErrorMsgWhenWeSubmitSaveButtonWithOutEnterGrpTalkName -->
  <testcase name="verifyPrivateRoomFuntionalityInLiveCall" time="0.0" classname="GT.GT.CreatingGroupTest">
    <ignored/>
  </testcase> <!-- verifyPrivateRoomFuntionalityInLiveCall -->
  <testcase name="verifyEditGroupWithNormalAndMuteClips" time="0.0" classname="GT.GT.CreatingGroupTest">
    <ignored/>
  </testcase> <!-- verifyEditGroupWithNormalAndMuteClips -->
  <testcase name="verifyRepeatDaysFunctionalityOnEditGrpTalks" time="0.0" classname="GT.GT.CreatingGroupTest">
    <ignored/>
  </testcase> <!-- verifyRepeatDaysFunctionalityOnEditGrpTalks -->
  <testcase name="verifyCallFunctionalityWhenMuteAllButtonIsClickedInUnMutedTab" time="0.0" classname="GT.GT.CreatingGroupTest">
    <ignored/>
  </testcase> <!-- verifyCallFunctionalityWhenMuteAllButtonIsClickedInUnMutedTab -->
  <testcase name="VerifyAllowNonMembersOptionInAdvancedSettingsOnOverlayInEditGrpTalk" time="0.0" classname="GT.GT.CreatingGroupTest">
    <ignored/>
  </testcase> <!-- VerifyAllowNonMembersOptionInAdvancedSettingsOnOverlayInEditGrpTalk -->
  <testcase name="verifyCallFunctionalityFromOnCallTab" time="0.0" classname="GT.GT.CreatingGroupTest">
    <ignored/>
  </testcase> <!-- verifyCallFunctionalityFromOnCallTab -->
  <testcase name="verifyNormalAndMuteClipsFunctionalityOnScheduleOverlay" time="0.0" classname="GT.GT.CreatingGroupTest">
    <ignored/>
  </testcase> <!-- verifyNormalAndMuteClipsFunctionalityOnScheduleOverlay -->
  <testcase name="VerifyAssignCallManagerOptionInAdvancedSettingsOnOverlayForSchedule" time="0.0" classname="GT.GT.CreatingGroupTest">
    <ignored/>
  </testcase> <!-- VerifyAssignCallManagerOptionInAdvancedSettingsOnOverlayForSchedule -->
  <testcase name="verifySelectSpecificCharacterOfContactsInPhoneContacts" time="0.0" classname="GT.GT.CreatingGroupTest">
    <ignored/>
  </testcase> <!-- verifySelectSpecificCharacterOfContactsInPhoneContacts -->
  <testcase name="verifyNonRepeatedGroupCallFunctionalityThroughHistory" time="0.0" classname="GT.GT.CreatingGroupTest">
    <ignored/>
  </testcase> <!-- verifyNonRepeatedGroupCallFunctionalityThroughHistory -->
  <testcase name="verifyAllButtonsDisplayedOnCallOverlay" time="0.0" classname="GT.GT.CreatingGroupTest">
    <ignored/>
  </testcase> <!-- verifyAllButtonsDisplayedOnCallOverlay -->
  <testcase name="verifyDialFunctionalityOfScheduleGroup" time="0.0" classname="GT.GT.CreatingGroupTest">
    <ignored/>
  </testcase> <!-- verifyDialFunctionalityOfScheduleGroup -->
  <testcase name="verifyUnMuteFromMuteDialfunctionalityInGrpCall" time="0.0" classname="GT.GT.CreatingGroupTest">
    <ignored/>
  </testcase> <!-- verifyUnMuteFromMuteDialfunctionalityInGrpCall -->
  <testcase name="verifyNumberOfUsersFromSelectedContactsTab" time="0.0" classname="GT.GT.CreatingGroupTest">
    <ignored/>
  </testcase> <!-- verifyNumberOfUsersFromSelectedContactsTab -->
  <testcase name="verifyMuteDialfunctionalityOnOverlayInGrpCall" time="0.0" classname="GT.GT.CreatingGroupTest">
    <ignored/>
  </testcase> <!-- verifyMuteDialfunctionalityOnOverlayInGrpCall -->
  <testcase name="verifyCanclefunctionalityOnOverlayInGrpCall" time="0.0" classname="GT.GT.CreatingGroupTest">
    <ignored/>
  </testcase> <!-- verifyCanclefunctionalityOnOverlayInGrpCall -->
  <testcase name="VerifyDialInOptionInAdvancedSettingsOnOverlayInEditGrpTalk" time="0.0" classname="GT.GT.CreatingGroupTest">
    <ignored/>
  </testcase> <!-- VerifyDialInOptionInAdvancedSettingsOnOverlayInEditGrpTalk -->
  <testcase name="verifyMuteFunctionalityInOnGoingGrpCallThroughNormalDial" time="0.0" classname="GT.GT.CreatingGroupTest">
    <ignored/>
  </testcase> <!-- verifyMuteFunctionalityInOnGoingGrpCallThroughNormalDial -->
  <testcase name="verifyDeleteNormalAndMuteClipsFromScheduleGRoup" time="0.0" classname="GT.GT.CreatingGroupTest">
    <ignored/>
  </testcase> <!-- verifyDeleteNormalAndMuteClipsFromScheduleGRoup -->
  <testcase name="removeLeaveGroup" time="0.0" classname="GT.GT.CreatingGroupTest">
    <ignored/>
  </testcase> <!-- removeLeaveGroup -->
  <testcase name="verifyCallFunctionalityOfDialAllButtonInCallEndedTab" time="0.0" classname="GT.GT.CreatingGroupTest">
    <ignored/>
  </testcase> <!-- verifyCallFunctionalityOfDialAllButtonInCallEndedTab -->
  <testcase name="verifyCallFunctionalityOfIndividualDialInCallEndedTabInListView" time="0.0" classname="GT.GT.CreatingGroupTest">
    <ignored/>
  </testcase> <!-- verifyCallFunctionalityOfIndividualDialInCallEndedTabInListView -->
  <testcase name="verifyErrorMsgWhenWeSubmitScheduleButtonWithOutEnterGrpTalkName" time="0.0" classname="GT.GT.CreatingGroupTest">
    <ignored/>
  </testcase> <!-- verifyErrorMsgWhenWeSubmitScheduleButtonWithOutEnterGrpTalkName -->
  <testcase name="verifyHistoryOfGroup" time="0.0" classname="GT.GT.CreatingGroupTest">
    <ignored/>
  </testcase> <!-- verifyHistoryOfGroup -->
  <testcase name="verifyMuteCallFunctionalityFromCreateGroupTalkPageByCreatingNewGroup" time="0.0" classname="GT.GT.CreatingGroupTest">
    <ignored/>
  </testcase> <!-- verifyMuteCallFunctionalityFromCreateGroupTalkPageByCreatingNewGroup -->
  <testcase name="verifyErrorMsgWhenWeSubmitSaveButtonWithOutSelectingAnyPhoneContacts" time="0.0" classname="GT.GT.CreatingGroupTest">
    <ignored/>
  </testcase> <!-- verifyErrorMsgWhenWeSubmitSaveButtonWithOutSelectingAnyPhoneContacts -->
  <testcase name="verifyAddContactsFromContactsListByEditngSavedGroupOnMyGrpTalkPage" time="0.0" classname="GT.GT.CreatingGroupTest">
    <ignored/>
  </testcase> <!-- verifyAddContactsFromContactsListByEditngSavedGroupOnMyGrpTalkPage -->
  <testcase name="verifyDatePickerFunctionalityOnEditGrpTalks" time="0.0" classname="GT.GT.CreatingGroupTest">
    <ignored/>
  </testcase> <!-- verifyDatePickerFunctionalityOnEditGrpTalks -->
  <testcase name="verifyAddMoreNumberOfUsersthanMaximunLimitFromContactList" time="0.0" classname="GT.GT.CreatingGroupTest">
    <ignored/>
  </testcase> <!-- verifyAddMoreNumberOfUsersthanMaximunLimitFromContactList -->
  <testcase name="verifyMuteAndUnmuteFunctionalityInLiveCallWhenParticipantsAreInPrivateRoom" time="0.0" classname="GT.GT.CreatingGroupTest">
    <ignored/>
  </testcase> <!-- verifyMuteAndUnmuteFunctionalityInLiveCallWhenParticipantsAreInPrivateRoom -->
  <testcase name="verifySelectContactFromContactList" time="0.0" classname="GT.GT.CreatingGroupTest">
    <ignored/>
  </testcase> <!-- verifySelectContactFromContactList -->
  <testcase name="verifyContactListInPhoneContacts" time="0.0" classname="GT.GT.CreatingGroupTest">
    <ignored/>
  </testcase> <!-- verifyContactListInPhoneContacts -->
  <testcase name="verifyAddMemberInOnGoingGrpCallFromCreateGroupTalkPageByCreatingNewGroup" time="0.0" classname="GT.GT.CreatingGroupTest">
    <ignored/>
  </testcase> <!-- verifyAddMemberInOnGoingGrpCallFromCreateGroupTalkPageByCreatingNewGroup -->
  <testcase name="verifyQuickDialButtonFunctionalityofGroupsInMyGrpTalk" time="0.0" classname="GT.GT.CreatingGroupTest">
    <ignored/>
  </testcase> <!-- verifyQuickDialButtonFunctionalityofGroupsInMyGrpTalk -->
  <testcase name="verifyCallFunctionalityOfIndividualDialInCallEndedTab" time="0.0" classname="GT.GT.CreatingGroupTest">
    <ignored/>
  </testcase> <!-- verifyCallFunctionalityOfIndividualDialInCallEndedTab -->
  <testcase name="verifyAddMemberInOnGoingGrpCallThroughWebList" time="0.0" classname="GT.GT.CreatingGroupTest">
    <ignored/>
  </testcase> <!-- verifyAddMemberInOnGoingGrpCallThroughWebList -->
  <testcase name="verifyRetryCallFunctionality" time="0.0" classname="GT.GT.CreatingGroupTest">
    <ignored/>
  </testcase> <!-- verifyRetryCallFunctionality -->
  <testcase name="verifyCallFunctionalityOfListMembers" time="0.0" classname="GT.GT.CreatingGroupTest">
    <ignored/>
  </testcase> <!-- verifyCallFunctionalityOfListMembers -->
  <testcase name="verifyy" time="0.0" classname="GT.GT.CreatingGroupTest">
    <ignored/>
  </testcase> <!-- verifyy -->
  <testcase name="verifySaveGroupWithNormalAndMuteClips" time="0.0" classname="GT.GT.CreatingGroupTest">
    <ignored/>
  </testcase> <!-- verifySaveGroupWithNormalAndMuteClips -->
  <testcase name="verifyPrivateRoomFuntionalityInLiveCallListView" time="0.0" classname="GT.GT.CreatingGroupTest">
    <ignored/>
  </testcase> <!-- verifyPrivateRoomFuntionalityInLiveCallListView -->
  <testcase name="verifyfunctionalityOfExcelReportDownloadOptionOnHistory" time="0.0" classname="GT.GT.CreatingGroupTest">
    <ignored/>
  </testcase> <!-- verifyfunctionalityOfExcelReportDownloadOptionOnHistory -->
  <testcase name="verifyRemoveContactFromSavedGroupOnMyGrpTalkPage" time="0.0" classname="GT.GT.CreatingGroupTest">
    <ignored/>
  </testcase> <!-- verifyRemoveContactFromSavedGroupOnMyGrpTalkPage -->
  <testcase name="verifyScheduleGroupWithNormalAndMuteClips" time="0.0" classname="GT.GT.CreatingGroupTest">
    <ignored/>
  </testcase> <!-- verifyScheduleGroupWithNormalAndMuteClips -->
  <testcase name="verifyMuteDialFunctionalityFromScheduleOverlay" time="0.0" classname="GT.GT.CreatingGroupTest">
    <ignored/>
  </testcase> <!-- verifyMuteDialFunctionalityFromScheduleOverlay -->
  <testcase name="verifyScheduleGrpTalk" time="0.0" classname="GT.GT.CreatingGroupTest">
    <ignored/>
  </testcase> <!-- verifyScheduleGrpTalk -->
  <testcase name="verifyFooterTextDisplayedOnMyGrpTalksPage" time="0.0" classname="GT.GT.CreatingGroupTest">
    <ignored/>
  </testcase> <!-- verifyFooterTextDisplayedOnMyGrpTalksPage -->
  <testcase name="verifyAddMemberInOnGoingGrpCallThroughContacts" time="0.0" classname="GT.GT.CreatingGroupTest">
    <ignored/>
  </testcase> <!-- verifyAddMemberInOnGoingGrpCallThroughContacts -->
  <testcase name="VerifyDialInOptionInAdvancedSettingsOnOverlayForSchedule" time="0.0" classname="GT.GT.CreatingGroupTest">
    <ignored/>
  </testcase> <!-- VerifyDialInOptionInAdvancedSettingsOnOverlayForSchedule -->
  <testcase name="verifyCallFunctionalityFromAllMembersTab" time="0.0" classname="GT.GT.CreatingGroupTest">
    <ignored/>
  </testcase> <!-- verifyCallFunctionalityFromAllMembersTab -->
  <testcase name="verifyCallFunctionalityFromOnCallTabInListView" time="0.0" classname="GT.GT.CreatingGroupTest">
    <ignored/>
  </testcase> <!-- verifyCallFunctionalityFromOnCallTabInListView -->
  <testcase name="verifyCallFunctionalityFromUnMutedCount" time="0.0" classname="GT.GT.CreatingGroupTest">
    <ignored/>
  </testcase> <!-- verifyCallFunctionalityFromUnMutedCount -->
  <testcase name="verifyHeaderTabsAndLogosDisplayedOnGrpTalksPage" time="0.0" classname="GT.GT.CreatingGroupTest">
    <ignored/>
  </testcase> <!-- verifyHeaderTabsAndLogosDisplayedOnGrpTalksPage -->
  <testcase name="verifyCreateWebLIstFromCreateGrpPage" time="0.0" classname="GT.GT.CreatingGroupTest">
    <ignored/>
  </testcase> <!-- verifyCreateWebLIstFromCreateGrpPage -->
  <testcase name="createAndSaveTheGroupByLeaveGroupName" time="0.0" classname="GT.GT.CreatingGroupTest">
    <ignored/>
  </testcase> <!-- createAndSaveTheGroupByLeaveGroupName -->
  <testcase name="verifyErrorMsgWhenWeSubmitStartNowButtonWithOutSelectingAnyPhoneContacts" time="0.0" classname="GT.GT.CreatingGroupTest">
    <ignored/>
  </testcase> <!-- verifyErrorMsgWhenWeSubmitStartNowButtonWithOutSelectingAnyPhoneContacts -->
  <testcase name="createAndSaveTheGroup" time="0.0" classname="GT.GT.CreatingGroupTest">
    <ignored/>
  </testcase> <!-- createAndSaveTheGroup -->
  <testcase name="verifyCallFunctionalityFromCreateGroupTalkPageByCreatingNewGroup" time="0.0" classname="GT.GT.CreatingGroupTest">
    <ignored/>
  </testcase> <!-- verifyCallFunctionalityFromCreateGroupTalkPageByCreatingNewGroup -->
  <testcase name="verifyGrpTalkNameOnCreateGroupAndGrpTalksPages" time="0.0" classname="GT.GT.CreatingGroupTest">
    <ignored/>
  </testcase> <!-- verifyGrpTalkNameOnCreateGroupAndGrpTalksPages -->
  <testcase name="verifyCallFunctionalityFromQuickDialButtonInMyGrpTalk" time="0.0" classname="GT.GT.CreatingGroupTest">
    <ignored/>
  </testcase> <!-- verifyCallFunctionalityFromQuickDialButtonInMyGrpTalk -->
  <testcase name="verifyNormalAndMuteClipsFunctionalityOnSaveGroupOverlay" time="0.0" classname="GT.GT.CreatingGroupTest">
    <ignored/>
  </testcase> <!-- verifyNormalAndMuteClipsFunctionalityOnSaveGroupOverlay -->
  <testcase name="verifyCallFunctionalityFromUnMutedCountInListView" time="0.0" classname="GT.GT.CreatingGroupTest">
    <ignored/>
  </testcase> <!-- verifyCallFunctionalityFromUnMutedCountInListView -->
  <testcase name="verifyCreateListFromExcelUploadOnCreateGrpPage" time="0.0" classname="GT.GT.CreatingGroupTest">
    <ignored/>
  </testcase> <!-- verifyCreateListFromExcelUploadOnCreateGrpPage -->
  <testcase name="verifyCallFunctionalityFromAllMembersTabInListView" time="0.0" classname="GT.GT.CreatingGroupTest">
    <ignored/>
  </testcase> <!-- verifyCallFunctionalityFromAllMembersTabInListView -->
  <testcase name="VerifyDialInOptionAndAllowNonMembersOptionInAdvancedSettingsOnOverlayInEditGrpTalk" time="0.0" classname="GT.GT.CreatingGroupTest">
    <ignored/>
  </testcase> <!-- VerifyDialInOptionAndAllowNonMembersOptionInAdvancedSettingsOnOverlayInEditGrpTalk -->
  <testcase name="verifyDatePickerFunctionalityForScheduleOnEditGrpTalks" time="0.0" classname="GT.GT.CreatingGroupTest">
    <ignored/>
  </testcase> <!-- verifyDatePickerFunctionalityForScheduleOnEditGrpTalks -->
</testsuite> <!-- ChromeTest -->
