<?xml version="1.0" encoding="UTF-8"?>
<!-- Generated by org.testng.reporters.JUnitXMLReporter -->
<testsuite hostname="DESKTOP-5HEF6VE" ignored="0" name="ContactsPageTest" tests="9" failures="1" timestamp="08 Jul 2019 11:05:18 GMT" time="477.108" errors="0">
  <testcase name="verifyAddContactsFromAddContactsTabOnOverlay" time="19.552" classname="GT.GT.ContactsPageTest"/>
  <testcase name="verifyAddContactsFromMobileContactsTabOnOverlay" time="20.117" classname="GT.GT.ContactsPageTest"/>
  <testcase name="verifyAddContactsFromWebListsTabOnOverlay" time="20.478" classname="GT.GT.ContactsPageTest"/>
  <testcase name="verifyCreateListFromContactsPage" time="13.34" classname="GT.GT.ContactsPageTest"/>
  <testcase name="verifyCreateListFromContactsPageUsingPlusSymbol" time="15.235" classname="GT.GT.ContactsPageTest"/>
  <testcase name="verifyCreateListFromExcelUpload" time="40.151" classname="GT.GT.ContactsPageTest">
    <failure type="java.lang.AssertionError" message="expected [2] but found [0]">
      <![CDATA[java.lang.AssertionError: expected [2] but found [0]
at GT.GT.ContactsPageTest.verifyCreateListFromExcelUpload(ContactsPageTest.java:95)
... Removed 31 stack frames]]>
    </failure>
  </testcase> <!-- verifyCreateListFromExcelUpload -->
  <testcase name="verifyDeleteAddedContactsFromAddContactsTabOnOverlay" time="19.774" classname="GT.GT.ContactsPageTest"/>
  <testcase name="verifyDeleteListFromContactsPage" time="16.147" classname="GT.GT.ContactsPageTest"/>
  <testcase name="verifyReNameListFromContactsPage" time="15.362" classname="GT.GT.ContactsPageTest"/>
</testsuite> <!-- ContactsPageTest -->
