<?xml version="1.0" encoding="UTF-8"?>
<!-- Generated by org.testng.reporters.JUnitXMLReporter -->
<testsuite hostname="DESKTOP-5HEF6VE" ignored="62" name="EdgeTest" tests="1" failures="0" timestamp="06 Jun 2019 06:50:39 GMT" time="20.114" errors="0">
  <testcase name="@BeforeMethod setup" time="20.078" classname="utils.BrowserFunctions">
    <failure type="org.openqa.selenium.WebDriverException" message="Timed out waiting for driver server to start.
Build info: version: &amp;apos;3.12.0&amp;apos;, revision: &amp;apos;7c6e0b3&amp;apos;, time: &amp;apos;2018-05-08T15:15:03.216Z&amp;apos;
System info: host: &amp;apos;DESKTOP-5HEF6VE&amp;apos;, ip: &amp;apos;192.168.72.155&amp;apos;, os.name: &amp;apos;Windows 10&amp;apos;, os.arch: &amp;apos;amd64&amp;apos;, os.version: &amp;apos;10.0&amp;apos;, java.version: &amp;apos;1.8.0_171&amp;apos;
Driver info: driver.version: EdgeDriver">
      <![CDATA[org.openqa.selenium.WebDriverException: Timed out waiting for driver server to start.
Build info: version: '3.12.0', revision: '7c6e0b3', time: '2018-05-08T15:15:03.216Z'
System info: host: 'DESKTOP-5HEF6VE', ip: '192.168.72.155', os.name: 'Windows 10', os.arch: 'amd64', os.version: '10.0', java.version: '1.8.0_171'
Driver info: driver.version: EdgeDriver
at org.openqa.selenium.remote.service.DriverService.waitUntilAvailable(DriverService.java:192)
at org.openqa.selenium.remote.service.DriverService.start(DriverService.java:178)
at org.openqa.selenium.remote.service.DriverCommandExecutor.execute(DriverCommandExecutor.java:79)
at org.openqa.selenium.remote.RemoteWebDriver.execute(RemoteWebDriver.java:543)
at org.openqa.selenium.remote.RemoteWebDriver.startSession(RemoteWebDriver.java:207)
at org.openqa.selenium.remote.RemoteWebDriver.<init>(RemoteWebDriver.java:130)
at org.openqa.selenium.edge.EdgeDriver.<init>(EdgeDriver.java:141)
at org.openqa.selenium.edge.EdgeDriver.<init>(EdgeDriver.java:96)
at utils.BrowserFunctions.setup(BrowserFunctions.java:97)
at java.util.concurrent.FutureTask.run(Unknown Source)
at java.util.concurrent.ThreadPoolExecutor.runWorker(Unknown Source)
at java.util.concurrent.ThreadPoolExecutor$Worker.run(Unknown Source)
at java.lang.Thread.run(Unknown Source)
Caused by: org.openqa.selenium.net.UrlChecker$TimeoutException: Timed out waiting for [http://localhost:24418/status] to be available after 20013 ms
at org.openqa.selenium.net.UrlChecker.waitUntilAvailable(UrlChecker.java:100)
at org.openqa.selenium.remote.service.DriverService.waitUntilAvailable(DriverService.java:187)
... 31 more
Caused by: java.util.concurrent.TimeoutException
at java.util.concurrent.FutureTask.get(Unknown Source)
at com.google.common.util.concurrent.SimpleTimeLimiter.callWithTimeout(SimpleTimeLimiter.java:148)
at org.openqa.selenium.net.UrlChecker.waitUntilAvailable(UrlChecker.java:75)
... 32 more
... Removed 19 stack frames]]>
    </failure>
  </testcase> <!-- @BeforeMethod setup -->
  <testcase name="@AfterMethod closeBrowser1" time="0.0" classname="utils.BrowserFunctions">
    <skipped/>
  </testcase> <!-- @AfterMethod closeBrowser1 -->
  <testcase name="verifySearchOptionWithPartialValidUserName" time="0.0" classname="GT.GT.CreatingGroupTest">
    <skipped/>
  </testcase> <!-- verifySearchOptionWithPartialValidUserName -->
  <testcase name="verifyErrorMsgWhenWeSubmitStartNowButtonWithOutEnterGrpTalkName" time="0.0" classname="GT.GT.CreatingGroupTest">
    <ignored/>
  </testcase> <!-- verifyErrorMsgWhenWeSubmitStartNowButtonWithOutEnterGrpTalkName -->
  <testcase name="verifyHangUpInOnGoingCallOfindividualUser" time="0.0" classname="GT.GT.CreatingGroupTest">
    <ignored/>
  </testcase> <!-- verifyHangUpInOnGoingCallOfindividualUser -->
  <testcase name="verifySearchOptionWithfullValidUserName" time="0.0" classname="GT.GT.CreatingGroupTest">
    <ignored/>
  </testcase> <!-- verifySearchOptionWithfullValidUserName -->
  <testcase name="verifyErrorMsgWhenWeSubmitScheduleButtonWithOutSelectingAnyPhoneContacts" time="0.0" classname="GT.GT.CreatingGroupTest">
    <ignored/>
  </testcase> <!-- verifyErrorMsgWhenWeSubmitScheduleButtonWithOutSelectingAnyPhoneContacts -->
  <testcase name="verifyErrorMessageWhenJunkDataGivenInSearchBox" time="0.0" classname="GT.GT.CreatingGroupTest">
    <ignored/>
  </testcase> <!-- verifyErrorMessageWhenJunkDataGivenInSearchBox -->
  <testcase name="verifyCallFunctionalityOfTestContactsFromCreateGroupTalkPage" time="0.0" classname="GT.GT.CreatingGroupTest">
    <ignored/>
  </testcase> <!-- verifyCallFunctionalityOfTestContactsFromCreateGroupTalkPage -->
  <testcase name="verify_list_Of_Group_Users_On_MyGrpTalk_Page" time="0.0" classname="GT.GT.CreatingGroupTest">
    <ignored/>
  </testcase> <!-- verify_list_Of_Group_Users_On_MyGrpTalk_Page -->
  <testcase name="verifyGrpTalkNameFieldOnCreateGroupTalk" time="0.0" classname="GT.GT.CreatingGroupTest">
    <ignored/>
  </testcase> <!-- verifyGrpTalkNameFieldOnCreateGroupTalk -->
  <testcase name="verifyRemoveFunctionalityOfSavedGroupsOnMyGrpTalkPage" time="0.0" classname="GT.GT.CreatingGroupTest">
    <ignored/>
  </testcase> <!-- verifyRemoveFunctionalityOfSavedGroupsOnMyGrpTalkPage -->
  <testcase name="verifyErrorMsgWhenWeSubmitSaveButtonWithOutEnterGrpTalkName" time="0.0" classname="GT.GT.CreatingGroupTest">
    <ignored/>
  </testcase> <!-- verifyErrorMsgWhenWeSubmitSaveButtonWithOutEnterGrpTalkName -->
  <testcase name="verifyPrivateRoomFuntionalityInLiveCall" time="0.0" classname="GT.GT.CreatingGroupTest">
    <ignored/>
  </testcase> <!-- verifyPrivateRoomFuntionalityInLiveCall -->
  <testcase name="verifyRepeatDaysFunctionalityOnEditGrpTalks" time="0.0" classname="GT.GT.CreatingGroupTest">
    <ignored/>
  </testcase> <!-- verifyRepeatDaysFunctionalityOnEditGrpTalks -->
  <testcase name="verifyCallFunctionalityWhenMuteAllButtonIsClickedInUnMutedTab" time="0.0" classname="GT.GT.CreatingGroupTest">
    <ignored/>
  </testcase> <!-- verifyCallFunctionalityWhenMuteAllButtonIsClickedInUnMutedTab -->
  <testcase name="VerifyAllowNonMembersOptionInAdvancedSettingsOnOverlayInEditGrpTalk" time="0.0" classname="GT.GT.CreatingGroupTest">
    <ignored/>
  </testcase> <!-- VerifyAllowNonMembersOptionInAdvancedSettingsOnOverlayInEditGrpTalk -->
  <testcase name="verifyCallFunctionalityFromOnCallTab" time="0.0" classname="GT.GT.CreatingGroupTest">
    <ignored/>
  </testcase> <!-- verifyCallFunctionalityFromOnCallTab -->
  <testcase name="VerifyAssignCallManagerOptionInAdvancedSettingsOnOverlayForSchedule" time="0.0" classname="GT.GT.CreatingGroupTest">
    <ignored/>
  </testcase> <!-- VerifyAssignCallManagerOptionInAdvancedSettingsOnOverlayForSchedule -->
  <testcase name="verifySelectSpecificCharacterOfContactsInPhoneContacts" time="0.0" classname="GT.GT.CreatingGroupTest">
    <ignored/>
  </testcase> <!-- verifySelectSpecificCharacterOfContactsInPhoneContacts -->
  <testcase name="verifyAllButtonsDisplayedOnCallOverlay" time="0.0" classname="GT.GT.CreatingGroupTest">
    <ignored/>
  </testcase> <!-- verifyAllButtonsDisplayedOnCallOverlay -->
  <testcase name="verifyNonRepeatedGroupCallFunctionalityThroughHistory" time="0.0" classname="GT.GT.CreatingGroupTest">
    <ignored/>
  </testcase> <!-- verifyNonRepeatedGroupCallFunctionalityThroughHistory -->
  <testcase name="verifyDialFunctionalityOfScheduleGroup" time="0.0" classname="GT.GT.CreatingGroupTest">
    <ignored/>
  </testcase> <!-- verifyDialFunctionalityOfScheduleGroup -->
  <testcase name="verifyUnMuteFromMuteDialfunctionalityInGrpCall" time="0.0" classname="GT.GT.CreatingGroupTest">
    <ignored/>
  </testcase> <!-- verifyUnMuteFromMuteDialfunctionalityInGrpCall -->
  <testcase name="verifyNumberOfUsersFromSelectedContactsTab" time="0.0" classname="GT.GT.CreatingGroupTest">
    <ignored/>
  </testcase> <!-- verifyNumberOfUsersFromSelectedContactsTab -->
  <testcase name="verifyMuteDialfunctionalityOnOverlayInGrpCall" time="0.0" classname="GT.GT.CreatingGroupTest">
    <ignored/>
  </testcase> <!-- verifyMuteDialfunctionalityOnOverlayInGrpCall -->
  <testcase name="verifyCanclefunctionalityOnOverlayInGrpCall" time="0.0" classname="GT.GT.CreatingGroupTest">
    <ignored/>
  </testcase> <!-- verifyCanclefunctionalityOnOverlayInGrpCall -->
  <testcase name="VerifyDialInOptionInAdvancedSettingsOnOverlayInEditGrpTalk" time="0.0" classname="GT.GT.CreatingGroupTest">
    <ignored/>
  </testcase> <!-- VerifyDialInOptionInAdvancedSettingsOnOverlayInEditGrpTalk -->
  <testcase name="verifyMuteFunctionalityInOnGoingGrpCallThroughNormalDial" time="0.0" classname="GT.GT.CreatingGroupTest">
    <ignored/>
  </testcase> <!-- verifyMuteFunctionalityInOnGoingGrpCallThroughNormalDial -->
  <testcase name="verifyCallFunctionalityOfDialAllButtonInCallEndedTab" time="0.0" classname="GT.GT.CreatingGroupTest">
    <ignored/>
  </testcase> <!-- verifyCallFunctionalityOfDialAllButtonInCallEndedTab -->
  <testcase name="verifyCallFunctionalityOfIndividualDialInCallEndedTabInListView" time="0.0" classname="GT.GT.CreatingGroupTest">
    <ignored/>
  </testcase> <!-- verifyCallFunctionalityOfIndividualDialInCallEndedTabInListView -->
  <testcase name="verifyErrorMsgWhenWeSubmitScheduleButtonWithOutEnterGrpTalkName" time="0.0" classname="GT.GT.CreatingGroupTest">
    <ignored/>
  </testcase> <!-- verifyErrorMsgWhenWeSubmitScheduleButtonWithOutEnterGrpTalkName -->
  <testcase name="verifyHistoryOfGroup" time="0.0" classname="GT.GT.CreatingGroupTest">
    <ignored/>
  </testcase> <!-- verifyHistoryOfGroup -->
  <testcase name="verifyMuteCallFunctionalityFromCreateGroupTalkPageByCreatingNewGroup" time="0.0" classname="GT.GT.CreatingGroupTest">
    <ignored/>
  </testcase> <!-- verifyMuteCallFunctionalityFromCreateGroupTalkPageByCreatingNewGroup -->
  <testcase name="verifyErrorMsgWhenWeSubmitSaveButtonWithOutSelectingAnyPhoneContacts" time="0.0" classname="GT.GT.CreatingGroupTest">
    <ignored/>
  </testcase> <!-- verifyErrorMsgWhenWeSubmitSaveButtonWithOutSelectingAnyPhoneContacts -->
  <testcase name="verifyAddContactsFromContactsListByEditngSavedGroupOnMyGrpTalkPage" time="0.0" classname="GT.GT.CreatingGroupTest">
    <ignored/>
  </testcase> <!-- verifyAddContactsFromContactsListByEditngSavedGroupOnMyGrpTalkPage -->
  <testcase name="verifyDatePickerFunctionalityOnEditGrpTalks" time="0.0" classname="GT.GT.CreatingGroupTest">
    <ignored/>
  </testcase> <!-- verifyDatePickerFunctionalityOnEditGrpTalks -->
  <testcase name="verifyHeaderTabsAndLogosDisplayedOnMyGrpTalksPage" time="0.0" classname="GT.GT.CreatingGroupTest">
    <ignored/>
  </testcase> <!-- verifyHeaderTabsAndLogosDisplayedOnMyGrpTalksPage -->
  <testcase name="verifyAddMoreNumberOfUsersthanMaximunLimitFromContactList" time="0.0" classname="GT.GT.CreatingGroupTest">
    <ignored/>
  </testcase> <!-- verifyAddMoreNumberOfUsersthanMaximunLimitFromContactList -->
  <testcase name="verifySelectContactFromContactList" time="0.0" classname="GT.GT.CreatingGroupTest">
    <ignored/>
  </testcase> <!-- verifySelectContactFromContactList -->
  <testcase name="verifyContactListInPhoneContacts" time="0.0" classname="GT.GT.CreatingGroupTest">
    <ignored/>
  </testcase> <!-- verifyContactListInPhoneContacts -->
  <testcase name="verifyQuickDialButtonFunctionalityofGroupsInMyGrpTalk" time="0.0" classname="GT.GT.CreatingGroupTest">
    <ignored/>
  </testcase> <!-- verifyQuickDialButtonFunctionalityofGroupsInMyGrpTalk -->
  <testcase name="verifyAddMemberInOnGoingGrpCallFromCreateGroupTalkPageByCreatingNewGroup" time="0.0" classname="GT.GT.CreatingGroupTest">
    <ignored/>
  </testcase> <!-- verifyAddMemberInOnGoingGrpCallFromCreateGroupTalkPageByCreatingNewGroup -->
  <testcase name="verifyCallFunctionalityOfIndividualDialInCallEndedTab" time="0.0" classname="GT.GT.CreatingGroupTest">
    <ignored/>
  </testcase> <!-- verifyCallFunctionalityOfIndividualDialInCallEndedTab -->
  <testcase name="verifyAddMemberInOnGoingGrpCallThroughWebList" time="0.0" classname="GT.GT.CreatingGroupTest">
    <ignored/>
  </testcase> <!-- verifyAddMemberInOnGoingGrpCallThroughWebList -->
  <testcase name="verifyCallFunctionalityFromAllMembersTabInListView1" time="0.0" classname="GT.GT.CreatingGroupTest">
    <ignored/>
  </testcase> <!-- verifyCallFunctionalityFromAllMembersTabInListView1 -->
  <testcase name="verifyPrivateRoomFuntionalityInLiveCallListView" time="0.0" classname="GT.GT.CreatingGroupTest">
    <ignored/>
  </testcase> <!-- verifyPrivateRoomFuntionalityInLiveCallListView -->
  <testcase name="verifyRemoveContactFromSavedGroupOnMyGrpTalkPage" time="0.0" classname="GT.GT.CreatingGroupTest">
    <ignored/>
  </testcase> <!-- verifyRemoveContactFromSavedGroupOnMyGrpTalkPage -->
  <testcase name="verifyfunctionalityOfExcelReportDownloadOptionOnHistory" time="0.0" classname="GT.GT.CreatingGroupTest">
    <ignored/>
  </testcase> <!-- verifyfunctionalityOfExcelReportDownloadOptionOnHistory -->
  <testcase name="verifyMuteDialFunctionalityFromScheduleOverlay" time="0.0" classname="GT.GT.CreatingGroupTest">
    <ignored/>
  </testcase> <!-- verifyMuteDialFunctionalityFromScheduleOverlay -->
  <testcase name="verifyScheduleGrpTalk" time="0.0" classname="GT.GT.CreatingGroupTest">
    <ignored/>
  </testcase> <!-- verifyScheduleGrpTalk -->
  <testcase name="verifyFooterTextDisplayedOnMyGrpTalksPage" time="0.0" classname="GT.GT.CreatingGroupTest">
    <ignored/>
  </testcase> <!-- verifyFooterTextDisplayedOnMyGrpTalksPage -->
  <testcase name="verifyAddMemberInOnGoingGrpCallThroughContacts" time="0.0" classname="GT.GT.CreatingGroupTest">
    <ignored/>
  </testcase> <!-- verifyAddMemberInOnGoingGrpCallThroughContacts -->
  <testcase name="VerifyDialInOptionInAdvancedSettingsOnOverlayForSchedule" time="0.0" classname="GT.GT.CreatingGroupTest">
    <ignored/>
  </testcase> <!-- VerifyDialInOptionInAdvancedSettingsOnOverlayForSchedule -->
  <testcase name="verifyCreateWebLIst" time="0.0" classname="GT.GT.CreatingGroupTest">
    <ignored/>
  </testcase> <!-- verifyCreateWebLIst -->
  <testcase name="verifyCallFunctionalityFromAllMembersTab" time="0.0" classname="GT.GT.CreatingGroupTest">
    <ignored/>
  </testcase> <!-- verifyCallFunctionalityFromAllMembersTab -->
  <testcase name="verifyCallFunctionalityFromOnCallTabInListView" time="0.0" classname="GT.GT.CreatingGroupTest">
    <ignored/>
  </testcase> <!-- verifyCallFunctionalityFromOnCallTabInListView -->
  <testcase name="verifyCallFunctionalityFromUnMutedCount" time="0.0" classname="GT.GT.CreatingGroupTest">
    <ignored/>
  </testcase> <!-- verifyCallFunctionalityFromUnMutedCount -->
  <testcase name="verifyErrorMsgWhenWeSubmitStartNowButtonWithOutSelectingAnyPhoneContacts" time="0.0" classname="GT.GT.CreatingGroupTest">
    <ignored/>
  </testcase> <!-- verifyErrorMsgWhenWeSubmitStartNowButtonWithOutSelectingAnyPhoneContacts -->
  <testcase name="verifyCallFunctionalityFromCreateGroupTalkPageByCreatingNewGroup" time="0.0" classname="GT.GT.CreatingGroupTest">
    <ignored/>
  </testcase> <!-- verifyCallFunctionalityFromCreateGroupTalkPageByCreatingNewGroup -->
  <testcase name="verifyCallFunctionalityFromQuickDialButtonInMyGrpTalk" time="0.0" classname="GT.GT.CreatingGroupTest">
    <ignored/>
  </testcase> <!-- verifyCallFunctionalityFromQuickDialButtonInMyGrpTalk -->
  <testcase name="verifyCallFunctionalityFromUnMutedCountInListView" time="0.0" classname="GT.GT.CreatingGroupTest">
    <ignored/>
  </testcase> <!-- verifyCallFunctionalityFromUnMutedCountInListView -->
  <testcase name="verifyCallFunctionalityFromAllMembersTabInListView" time="0.0" classname="GT.GT.CreatingGroupTest">
    <ignored/>
  </testcase> <!-- verifyCallFunctionalityFromAllMembersTabInListView -->
  <testcase name="VerifyDialInOptionAndAllowNonMembersOptionInAdvancedSettingsOnOverlayInEditGrpTalk" time="0.0" classname="GT.GT.CreatingGroupTest">
    <ignored/>
  </testcase> <!-- VerifyDialInOptionAndAllowNonMembersOptionInAdvancedSettingsOnOverlayInEditGrpTalk -->
  <testcase name="verifyDatePickerFunctionalityForScheduleOnEditGrpTalks" time="0.0" classname="GT.GT.CreatingGroupTest">
    <ignored/>
  </testcase> <!-- verifyDatePickerFunctionalityForScheduleOnEditGrpTalks -->
</testsuite> <!-- EdgeTest -->
