<?xml version="1.0" encoding="UTF-8"?>
<!-- Generated by org.testng.reporters.JUnitXMLReporter -->
<testsuite hostname="DESKTOP-5HEF6VE" ignored="1" name="HomeTest" tests="30" failures="5" timestamp="19 Jun 2019 16:13:11 GMT" time="176.549" errors="0">
  <testcase name="verifyAboutLinkInFooterSection" time="0.848" classname="GT.GT.HomePageTest"/>
  <testcase name="verifyAppStoreTabFunctionality" time="2.116" classname="GT.GT.HomePageTest"/>
  <testcase name="verifyBlogLinkInFooterSection" time="3.501" classname="GT.GT.HomePageTest">
    <failure type="java.lang.AssertionError" message="expected [http://staging.grptalk.com] but found [http://staging.grptalk.com/]">
      <![CDATA[java.lang.AssertionError: expected [http://staging.grptalk.com] but found [http://staging.grptalk.com/]
at GT.GT.HomePageTest.verifyBlogLinkInFooterSection(HomePageTest.java:507)
... Removed 31 stack frames]]>
    </failure>
  </testcase> <!-- verifyBlogLinkInFooterSection -->
  <testcase name="verifyContactLinkInFooterSection" time="0.704" classname="GT.GT.HomePageTest"/>
  <testcase name="verifyContactSalesButtonFunctionality" time="5.897" classname="GT.GT.HomePageTest"/>
  <testcase name="verifyCopyRightTextInFooterSection" time="0.062" classname="GT.GT.HomePageTest"/>
  <testcase name="verifyCustomerStoriesLinkInFooterSection" time="0.726" classname="GT.GT.HomePageTest"/>
  <testcase name="verifyCustomerStoriesTabFunctionality" time="0.498" classname="GT.GT.HomePageTest"/>
  <testcase name="verifyFeaturesLinkInFooterSection" time="0.436" classname="GT.GT.HomePageTest"/>
  <testcase name="verifyFeaturesTabFunctionality" time="0.427" classname="GT.GT.HomePageTest"/>
  <testcase name="verifyFunctionalityOfFacebookLogoInFooterSection" time="6.275" classname="GT.GT.HomePageTest"/>
  <testcase name="verifyFunctionalityOfTwitterLogoInFooterSection" time="6.67" classname="GT.GT.HomePageTest"/>
  <testcase name="verifyFunctionalityOfYoutubeLogoInFooterSection" time="6.475" classname="GT.GT.HomePageTest"/>
  <testcase name="verifyGrpTalkEmailAndContactDisplayedInHeaderScetion" time="0.199" classname="GT.GT.HomePageTest">
    <failure type="java.lang.AssertionError" message="expected [+91-40-38119919] but found [+91-40-47475544]">
      <![CDATA[java.lang.AssertionError: expected [+91-40-38119919] but found [+91-40-47475544]
at GT.GT.HomePageTest.verifyGrpTalkEmailAndContactDisplayedInHeaderScetion(HomePageTest.java:217)
... Removed 31 stack frames]]>
    </failure>
  </testcase> <!-- verifyGrpTalkEmailAndContactDisplayedInHeaderScetion -->
  <testcase name="verifyHomeLinkInFooterSection" time="0.656" classname="GT.GT.HomePageTest"/>
  <testcase name="verifyHowItWorksLinkInFooterSection" time="0.739" classname="GT.GT.HomePageTest"/>
  <testcase name="verifyHowItWorksTabFunctionality" time="0.665" classname="GT.GT.HomePageTest"/>
  <testcase name="verifyPlayStoreTabFunctionality" time="2.676" classname="GT.GT.HomePageTest"/>
  <testcase name="verifyPricingLinkInFooterSection" time="0.422" classname="GT.GT.HomePageTest"/>
  <testcase name="verifyPricingTabFunctionality" time="5.952" classname="GT.GT.HomePageTest">
    <failure type="org.openqa.selenium.TimeoutException" message="Expected condition failed: waiting for text (&amp;apos;Get the perfect conferencing plan for your needs!&amp;apos;) to be present in element found by By.id: bannerHeading1 (tried for 5 second(s) with 500 milliseconds interval)
Build info: version: &amp;apos;3.12.0&amp;apos;, revision: &amp;apos;7c6e0b3&amp;apos;, time: &amp;apos;2018-05-08T15:15:03.216Z&amp;apos;
System info: host: &amp;apos;DESKTOP-5HEF6VE&amp;apos;, ip: &amp;apos;192.168.72.155&amp;apos;, os.name: &amp;apos;Windows 10&amp;apos;, os.arch: &amp;apos;amd64&amp;apos;, os.version: &amp;apos;10.0&amp;apos;, java.version: &amp;apos;1.8.0_171&amp;apos;
Driver info: org.openqa.selenium.chrome.ChromeDriver
Capabilities {acceptInsecureCerts: false, acceptSslCerts: false, applicationCacheEnabled: false, browserConnectionEnabled: false, browserName: chrome, chrome: {chromedriverVersion: 2.43.600210 (68dcf5eebde371..., userDataDir: C:\Users\smsc\AppData\Local...}, cssSelectorsEnabled: true, databaseEnabled: false, goog:chromeOptions: {debuggerAddress: localhost:58014}, handlesAlerts: true, hasTouchScreen: false, javascriptEnabled: true, locationContextEnabled: true, mobileEmulationEnabled: false, nativeEvents: true, networkConnectionEnabled: false, pageLoadStrategy: normal, platform: XP, platformName: XP, rotatable: false, setWindowRect: true, takesHeapSnapshot: true, takesScreenshot: true, unexpectedAlertBehaviour: , unhandledPromptBehavior: , version: 74.0.3729.169, webStorageEnabled: true}
Session ID: dc45a8fc938efe12f601fd2ad5607d7e">
      <![CDATA[org.openqa.selenium.TimeoutException: Expected condition failed: waiting for text ('Get the perfect conferencing plan for your needs!') to be present in element found by By.id: bannerHeading1 (tried for 5 second(s) with 500 milliseconds interval)
Build info: version: '3.12.0', revision: '7c6e0b3', time: '2018-05-08T15:15:03.216Z'
System info: host: 'DESKTOP-5HEF6VE', ip: '192.168.72.155', os.name: 'Windows 10', os.arch: 'amd64', os.version: '10.0', java.version: '1.8.0_171'
Driver info: org.openqa.selenium.chrome.ChromeDriver
Capabilities {acceptInsecureCerts: false, acceptSslCerts: false, applicationCacheEnabled: false, browserConnectionEnabled: false, browserName: chrome, chrome: {chromedriverVersion: 2.43.600210 (68dcf5eebde371..., userDataDir: C:\Users\smsc\AppData\Local...}, cssSelectorsEnabled: true, databaseEnabled: false, goog:chromeOptions: {debuggerAddress: localhost:58014}, handlesAlerts: true, hasTouchScreen: false, javascriptEnabled: true, locationContextEnabled: true, mobileEmulationEnabled: false, nativeEvents: true, networkConnectionEnabled: false, pageLoadStrategy: normal, platform: XP, platformName: XP, rotatable: false, setWindowRect: true, takesHeapSnapshot: true, takesScreenshot: true, unexpectedAlertBehaviour: , unhandledPromptBehavior: , version: 74.0.3729.169, webStorageEnabled: true}
Session ID: dc45a8fc938efe12f601fd2ad5607d7e
at org.openqa.selenium.support.ui.WebDriverWait.timeoutException(WebDriverWait.java:81)
at org.openqa.selenium.support.ui.FluentWait.until(FluentWait.java:271)
at GT.GT.HomePage.pricingTabFunctionality(HomePage.java:325)
at GT.GT.HomePageTest.verifyPricingTabFunctionality(HomePageTest.java:248)
... Removed 25 stack frames]]>
    </failure>
  </testcase> <!-- verifyPricingTabFunctionality -->
  <testcase name="verifyPrivacyAndDataUsageLinkInFooterSection" time="0.433" classname="GT.GT.HomePageTest"/>
  <testcase name="verifyRequest_A_PriceTabFunctionality" time="5.55" classname="GT.GT.HomePageTest">
    <failure type="org.openqa.selenium.TimeoutException" message="Expected condition failed: waiting for text (&amp;apos;Get the perfect conferencing plan for your needs!&amp;apos;) to be present in element found by By.id: bannerHeading1 (tried for 5 second(s) with 500 milliseconds interval)
Build info: version: &amp;apos;3.12.0&amp;apos;, revision: &amp;apos;7c6e0b3&amp;apos;, time: &amp;apos;2018-05-08T15:15:03.216Z&amp;apos;
System info: host: &amp;apos;DESKTOP-5HEF6VE&amp;apos;, ip: &amp;apos;192.168.72.155&amp;apos;, os.name: &amp;apos;Windows 10&amp;apos;, os.arch: &amp;apos;amd64&amp;apos;, os.version: &amp;apos;10.0&amp;apos;, java.version: &amp;apos;1.8.0_171&amp;apos;
Driver info: org.openqa.selenium.chrome.ChromeDriver
Capabilities {acceptInsecureCerts: false, acceptSslCerts: false, applicationCacheEnabled: false, browserConnectionEnabled: false, browserName: chrome, chrome: {chromedriverVersion: 2.43.600210 (68dcf5eebde371..., userDataDir: C:\Users\smsc\AppData\Local...}, cssSelectorsEnabled: true, databaseEnabled: false, goog:chromeOptions: {debuggerAddress: localhost:58014}, handlesAlerts: true, hasTouchScreen: false, javascriptEnabled: true, locationContextEnabled: true, mobileEmulationEnabled: false, nativeEvents: true, networkConnectionEnabled: false, pageLoadStrategy: normal, platform: XP, platformName: XP, rotatable: false, setWindowRect: true, takesHeapSnapshot: true, takesScreenshot: true, unexpectedAlertBehaviour: , unhandledPromptBehavior: , version: 74.0.3729.169, webStorageEnabled: true}
Session ID: dc45a8fc938efe12f601fd2ad5607d7e">
      <![CDATA[org.openqa.selenium.TimeoutException: Expected condition failed: waiting for text ('Get the perfect conferencing plan for your needs!') to be present in element found by By.id: bannerHeading1 (tried for 5 second(s) with 500 milliseconds interval)
Build info: version: '3.12.0', revision: '7c6e0b3', time: '2018-05-08T15:15:03.216Z'
System info: host: 'DESKTOP-5HEF6VE', ip: '192.168.72.155', os.name: 'Windows 10', os.arch: 'amd64', os.version: '10.0', java.version: '1.8.0_171'
Driver info: org.openqa.selenium.chrome.ChromeDriver
Capabilities {acceptInsecureCerts: false, acceptSslCerts: false, applicationCacheEnabled: false, browserConnectionEnabled: false, browserName: chrome, chrome: {chromedriverVersion: 2.43.600210 (68dcf5eebde371..., userDataDir: C:\Users\smsc\AppData\Local...}, cssSelectorsEnabled: true, databaseEnabled: false, goog:chromeOptions: {debuggerAddress: localhost:58014}, handlesAlerts: true, hasTouchScreen: false, javascriptEnabled: true, locationContextEnabled: true, mobileEmulationEnabled: false, nativeEvents: true, networkConnectionEnabled: false, pageLoadStrategy: normal, platform: XP, platformName: XP, rotatable: false, setWindowRect: true, takesHeapSnapshot: true, takesScreenshot: true, unexpectedAlertBehaviour: , unhandledPromptBehavior: , version: 74.0.3729.169, webStorageEnabled: true}
Session ID: dc45a8fc938efe12f601fd2ad5607d7e
at org.openqa.selenium.support.ui.WebDriverWait.timeoutException(WebDriverWait.java:81)
at org.openqa.selenium.support.ui.FluentWait.until(FluentWait.java:271)
at GT.GT.HomePage.request_A_PriceTabFunctionality(HomePage.java:341)
at GT.GT.HomePageTest.verifyRequest_A_PriceTabFunctionality(HomePageTest.java:689)
... Removed 25 stack frames]]>
    </failure>
  </testcase> <!-- verifyRequest_A_PriceTabFunctionality -->
  <testcase name="verifyScanQRCodeTabFunctionality" time="1.341" classname="GT.GT.HomePageTest">
    <failure type="java.lang.AssertionError" message="expected [http://staging.grptalk.com] but found [https://web.grptalk.com/]">
      <![CDATA[java.lang.AssertionError: expected [http://staging.grptalk.com] but found [https://web.grptalk.com/]
at GT.GT.HomePageTest.verifyScanQRCodeTabFunctionality(HomePageTest.java:391)
... Removed 31 stack frames]]>
    </failure>
  </testcase> <!-- verifyScanQRCodeTabFunctionality -->
  <testcase name="verifySolutionsTabFunctionality" time="2.063" classname="GT.GT.HomePageTest"/>
  <testcase name="verifyStartDemoFunctionality" time="4.208" classname="GT.GT.HomePageTest"/>
  <testcase name="verifyTermsAndConditionsLinkInFooterSection" time="4.53" classname="GT.GT.HomePageTest"/>
  <testcase name="verifyWebLoginFunctionality" time="1.079" classname="GT.GT.HomePageTest"/>
  <testcase name="verifyWebLoginLinkInFooterSection" time="1.111" classname="GT.GT.HomePageTest"/>
  <testcase name="verifyYouTubeVideoFunctionality" time="0.063" classname="GT.GT.HomePageTest"/>
  <testcase name="verify_FAQ_LinkInFooterSection" time="0.545" classname="GT.GT.HomePageTest"/>
  <testcase name="verifyChatFunctionality" time="0.0" classname="GT.GT.HomePageTest">
    <ignored/>
  </testcase> <!-- verifyChatFunctionality -->
</testsuite> <!-- HomeTest -->
