<?xml version="1.0" encoding="UTF-8"?>
<!-- Generated by org.testng.reporters.JUnitXMLReporter -->
<testsuite hostname="DESKTOP-5HEF6VE" ignored="1" name="LiveGrpTalkHomePageTest" tests="30" failures="9" timestamp="20 Jun 2019 19:39:25 GMT" time="194.018" errors="0">
  <testcase name="verifyAboutLinkInFooterSection" time="1.067" classname="GT.Production.LiveGrpTalkHomePageTest"/>
  <testcase name="verifyAppStoreTabFunctionality" time="10.105" classname="GT.Production.LiveGrpTalkHomePageTest">
    <failure type="org.openqa.selenium.NoSuchElementException" message="no such element: Unable to locate element: {&amp;quot;method&amp;quot;:&amp;quot;xpath&amp;quot;,&amp;quot;selector&amp;quot;:&amp;quot;//*[@class=&amp;apos;page-scroll btn btn-primary app-store&amp;apos;]//*[@class=&amp;apos;btnBgSprite iStore&amp;apos;]&amp;quot;}
  (Session info: chrome=74.0.3729.169)
  (Driver info: chromedriver=2.43.600210 (68dcf5eebde37173d4027fa8635e332711d2874a),platform=Windows NT 10.0.15063 x86_64) (WARNING: The server did not provide any stacktrace information)
Command duration or timeout: 0 milliseconds
For documentation on this error, please visit: http://seleniumhq.org/exceptions/no_such_element.html
Build info: version: &amp;apos;3.12.0&amp;apos;, revision: &amp;apos;7c6e0b3&amp;apos;, time: &amp;apos;2018-05-08T15:15:03.216Z&amp;apos;
System info: host: &amp;apos;DESKTOP-5HEF6VE&amp;apos;, ip: &amp;apos;192.168.72.155&amp;apos;, os.name: &amp;apos;Windows 10&amp;apos;, os.arch: &amp;apos;amd64&amp;apos;, os.version: &amp;apos;10.0&amp;apos;, java.version: &amp;apos;1.8.0_171&amp;apos;
Driver info: org.openqa.selenium.chrome.ChromeDriver
Capabilities {acceptInsecureCerts: false, acceptSslCerts: false, applicationCacheEnabled: false, browserConnectionEnabled: false, browserName: chrome, chrome: {chromedriverVersion: 2.43.600210 (68dcf5eebde371..., userDataDir: C:\Users\smsc\AppData\Local...}, cssSelectorsEnabled: true, databaseEnabled: false, goog:chromeOptions: {debuggerAddress: localhost:6585}, handlesAlerts: true, hasTouchScreen: false, javascriptEnabled: true, locationContextEnabled: true, mobileEmulationEnabled: false, nativeEvents: true, networkConnectionEnabled: false, pageLoadStrategy: normal, platform: XP, platformName: XP, rotatable: false, setWindowRect: true, takesHeapSnapshot: true, takesScreenshot: true, unexpectedAlertBehaviour: , unhandledPromptBehavior: , version: 74.0.3729.169, webStorageEnabled: true}
Session ID: 0b42d7cd662082b691b91cecadf38110
*** Element info: {Using=xpath, value=//*[@class=&amp;apos;page-scroll btn btn-primary app-store&amp;apos;]//*[@class=&amp;apos;btnBgSprite iStore&amp;apos;]}">
      <![CDATA[org.openqa.selenium.NoSuchElementException: no such element: Unable to locate element: {"method":"xpath","selector":"//*[@class='page-scroll btn btn-primary app-store']//*[@class='btnBgSprite iStore']"}
  (Session info: chrome=74.0.3729.169)
  (Driver info: chromedriver=2.43.600210 (68dcf5eebde37173d4027fa8635e332711d2874a),platform=Windows NT 10.0.15063 x86_64) (WARNING: The server did not provide any stacktrace information)
Command duration or timeout: 0 milliseconds
For documentation on this error, please visit: http://seleniumhq.org/exceptions/no_such_element.html
Build info: version: '3.12.0', revision: '7c6e0b3', time: '2018-05-08T15:15:03.216Z'
System info: host: 'DESKTOP-5HEF6VE', ip: '192.168.72.155', os.name: 'Windows 10', os.arch: 'amd64', os.version: '10.0', java.version: '1.8.0_171'
Driver info: org.openqa.selenium.chrome.ChromeDriver
Capabilities {acceptInsecureCerts: false, acceptSslCerts: false, applicationCacheEnabled: false, browserConnectionEnabled: false, browserName: chrome, chrome: {chromedriverVersion: 2.43.600210 (68dcf5eebde371..., userDataDir: C:\Users\smsc\AppData\Local...}, cssSelectorsEnabled: true, databaseEnabled: false, goog:chromeOptions: {debuggerAddress: localhost:6585}, handlesAlerts: true, hasTouchScreen: false, javascriptEnabled: true, locationContextEnabled: true, mobileEmulationEnabled: false, nativeEvents: true, networkConnectionEnabled: false, pageLoadStrategy: normal, platform: XP, platformName: XP, rotatable: false, setWindowRect: true, takesHeapSnapshot: true, takesScreenshot: true, unexpectedAlertBehaviour: , unhandledPromptBehavior: , version: 74.0.3729.169, webStorageEnabled: true}
Session ID: 0b42d7cd662082b691b91cecadf38110
*** Element info: {Using=xpath, value=//*[@class='page-scroll btn btn-primary app-store']//*[@class='btnBgSprite iStore']}
at org.openqa.selenium.remote.ErrorHandler.createThrowable(ErrorHandler.java:214)
at org.openqa.selenium.remote.ErrorHandler.throwIfResponseFailed(ErrorHandler.java:166)
at org.openqa.selenium.remote.http.JsonHttpResponseCodec.reconstructValue(JsonHttpResponseCodec.java:40)
at org.openqa.selenium.remote.http.AbstractHttpResponseCodec.decode(AbstractHttpResponseCodec.java:80)
at org.openqa.selenium.remote.http.AbstractHttpResponseCodec.decode(AbstractHttpResponseCodec.java:44)
at org.openqa.selenium.remote.HttpCommandExecutor.execute(HttpCommandExecutor.java:158)
at org.openqa.selenium.remote.service.DriverCommandExecutor.execute(DriverCommandExecutor.java:83)
at org.openqa.selenium.remote.RemoteWebDriver.execute(RemoteWebDriver.java:543)
at org.openqa.selenium.remote.RemoteWebDriver.findElement(RemoteWebDriver.java:317)
at org.openqa.selenium.remote.RemoteWebDriver.findElementByXPath(RemoteWebDriver.java:419)
at org.openqa.selenium.By$ByXPath.findElement(By.java:353)
at org.openqa.selenium.remote.RemoteWebDriver.findElement(RemoteWebDriver.java:309)
at GT.GT.HomePage.clickAppStoreTab(HomePage.java:130)
at GT.Production.LiveGrpTalkHomePageTest.verifyAppStoreTabFunctionality(LiveGrpTalkHomePageTest.java:254)
... Removed 29 stack frames]]>
    </failure>
  </testcase> <!-- verifyAppStoreTabFunctionality -->
  <testcase name="verifyBlogLinkInFooterSection" time="3.354" classname="GT.Production.LiveGrpTalkHomePageTest"/>
  <testcase name="verifyContactLinkInFooterSection" time="1.51" classname="GT.Production.LiveGrpTalkHomePageTest"/>
  <testcase name="verifyContactSalesButtonFunctionality" time="8.052" classname="GT.Production.LiveGrpTalkHomePageTest"/>
  <testcase name="verifyCopyRightTextInFooterSection" time="0.119" classname="GT.Production.LiveGrpTalkHomePageTest"/>
  <testcase name="verifyCustomerStoriesLinkInFooterSection" time="1.075" classname="GT.Production.LiveGrpTalkHomePageTest"/>
  <testcase name="verifyCustomerStoriesTabFunctionality" time="0.472" classname="GT.Production.LiveGrpTalkHomePageTest"/>
  <testcase name="verifyFeaturesLinkInFooterSection" time="1.66" classname="GT.Production.LiveGrpTalkHomePageTest"/>
  <testcase name="verifyFeaturesTabFunctionality" time="0.406" classname="GT.Production.LiveGrpTalkHomePageTest"/>
  <testcase name="verifyFunctionalityOfFacebookLogoInFooterSection" time="6.267" classname="GT.Production.LiveGrpTalkHomePageTest">
    <failure type="java.lang.AssertionError" message="expected [https://play.google.com/store/apps/details?id=com.mobile.android.grptalk] but found [https://www.facebook.com/grptalkconferencing/]">
      <![CDATA[java.lang.AssertionError: expected [https://play.google.com/store/apps/details?id=com.mobile.android.grptalk] but found [https://www.facebook.com/grptalkconferencing/]
at GT.Production.LiveGrpTalkHomePageTest.verifyFunctionalityOfFacebookLogoInFooterSection(LiveGrpTalkHomePageTest.java:487)
... Removed 31 stack frames]]>
    </failure>
  </testcase> <!-- verifyFunctionalityOfFacebookLogoInFooterSection -->
  <testcase name="verifyFunctionalityOfTwitterLogoInFooterSection" time="5.234" classname="GT.Production.LiveGrpTalkHomePageTest">
    <failure type="java.lang.AssertionError" message="expected [https://twitter.com/grptalk] but found [https://www.grptalk.com/]">
      <![CDATA[java.lang.AssertionError: expected [https://twitter.com/grptalk] but found [https://www.grptalk.com/]
at GT.Production.LiveGrpTalkHomePageTest.verifyFunctionalityOfTwitterLogoInFooterSection(LiveGrpTalkHomePageTest.java:521)
... Removed 31 stack frames]]>
    </failure>
  </testcase> <!-- verifyFunctionalityOfTwitterLogoInFooterSection -->
  <testcase name="verifyFunctionalityOfYoutubeLogoInFooterSection" time="5.202" classname="GT.Production.LiveGrpTalkHomePageTest">
    <failure type="java.lang.AssertionError" message="expected [https://www.youtube.com/channel/UC1hgEdzMlNtp9P4cl_hR0zQ] but found [https://www.grptalk.com/]">
      <![CDATA[java.lang.AssertionError: expected [https://www.youtube.com/channel/UC1hgEdzMlNtp9P4cl_hR0zQ] but found [https://www.grptalk.com/]
at GT.Production.LiveGrpTalkHomePageTest.verifyFunctionalityOfYoutubeLogoInFooterSection(LiveGrpTalkHomePageTest.java:583)
... Removed 31 stack frames]]>
    </failure>
  </testcase> <!-- verifyFunctionalityOfYoutubeLogoInFooterSection -->
  <testcase name="verifyGrpTalkEmailAndContactDisplayedInHeaderScetion" time="0.156" classname="GT.Production.LiveGrpTalkHomePageTest">
    <failure type="java.lang.AssertionError" message="expected [+91-40-47475544] but found [+91-40-71044555]">
      <![CDATA[java.lang.AssertionError: expected [+91-40-47475544] but found [+91-40-71044555]
at GT.Production.LiveGrpTalkHomePageTest.verifyGrpTalkEmailAndContactDisplayedInHeaderScetion(LiveGrpTalkHomePageTest.java:186)
... Removed 31 stack frames]]>
    </failure>
  </testcase> <!-- verifyGrpTalkEmailAndContactDisplayedInHeaderScetion -->
  <testcase name="verifyHomeLinkInFooterSection" time="0.779" classname="GT.Production.LiveGrpTalkHomePageTest"/>
  <testcase name="verifyHowItWorksLinkInFooterSection" time="0.815" classname="GT.Production.LiveGrpTalkHomePageTest"/>
  <testcase name="verifyHowItWorksTabFunctionality" time="0.885" classname="GT.Production.LiveGrpTalkHomePageTest"/>
  <testcase name="verifyPlayStoreTabFunctionality" time="10.052" classname="GT.Production.LiveGrpTalkHomePageTest">
    <failure type="org.openqa.selenium.NoSuchElementException" message="no such element: Unable to locate element: {&amp;quot;method&amp;quot;:&amp;quot;xpath&amp;quot;,&amp;quot;selector&amp;quot;:&amp;quot;//*[@class=&amp;apos;page-scroll btn btn-primary app-store&amp;apos;]//*[@class=&amp;apos;btnBgSprite playStore&amp;apos;]&amp;quot;}
  (Session info: chrome=74.0.3729.169)
  (Driver info: chromedriver=2.43.600210 (68dcf5eebde37173d4027fa8635e332711d2874a),platform=Windows NT 10.0.15063 x86_64) (WARNING: The server did not provide any stacktrace information)
Command duration or timeout: 0 milliseconds
For documentation on this error, please visit: http://seleniumhq.org/exceptions/no_such_element.html
Build info: version: &amp;apos;3.12.0&amp;apos;, revision: &amp;apos;7c6e0b3&amp;apos;, time: &amp;apos;2018-05-08T15:15:03.216Z&amp;apos;
System info: host: &amp;apos;DESKTOP-5HEF6VE&amp;apos;, ip: &amp;apos;192.168.72.155&amp;apos;, os.name: &amp;apos;Windows 10&amp;apos;, os.arch: &amp;apos;amd64&amp;apos;, os.version: &amp;apos;10.0&amp;apos;, java.version: &amp;apos;1.8.0_171&amp;apos;
Driver info: org.openqa.selenium.chrome.ChromeDriver
Capabilities {acceptInsecureCerts: false, acceptSslCerts: false, applicationCacheEnabled: false, browserConnectionEnabled: false, browserName: chrome, chrome: {chromedriverVersion: 2.43.600210 (68dcf5eebde371..., userDataDir: C:\Users\smsc\AppData\Local...}, cssSelectorsEnabled: true, databaseEnabled: false, goog:chromeOptions: {debuggerAddress: localhost:6585}, handlesAlerts: true, hasTouchScreen: false, javascriptEnabled: true, locationContextEnabled: true, mobileEmulationEnabled: false, nativeEvents: true, networkConnectionEnabled: false, pageLoadStrategy: normal, platform: XP, platformName: XP, rotatable: false, setWindowRect: true, takesHeapSnapshot: true, takesScreenshot: true, unexpectedAlertBehaviour: , unhandledPromptBehavior: , version: 74.0.3729.169, webStorageEnabled: true}
Session ID: 0b42d7cd662082b691b91cecadf38110
*** Element info: {Using=xpath, value=//*[@class=&amp;apos;page-scroll btn btn-primary app-store&amp;apos;]//*[@class=&amp;apos;btnBgSprite playStore&amp;apos;]}">
      <![CDATA[org.openqa.selenium.NoSuchElementException: no such element: Unable to locate element: {"method":"xpath","selector":"//*[@class='page-scroll btn btn-primary app-store']//*[@class='btnBgSprite playStore']"}
  (Session info: chrome=74.0.3729.169)
  (Driver info: chromedriver=2.43.600210 (68dcf5eebde37173d4027fa8635e332711d2874a),platform=Windows NT 10.0.15063 x86_64) (WARNING: The server did not provide any stacktrace information)
Command duration or timeout: 0 milliseconds
For documentation on this error, please visit: http://seleniumhq.org/exceptions/no_such_element.html
Build info: version: '3.12.0', revision: '7c6e0b3', time: '2018-05-08T15:15:03.216Z'
System info: host: 'DESKTOP-5HEF6VE', ip: '192.168.72.155', os.name: 'Windows 10', os.arch: 'amd64', os.version: '10.0', java.version: '1.8.0_171'
Driver info: org.openqa.selenium.chrome.ChromeDriver
Capabilities {acceptInsecureCerts: false, acceptSslCerts: false, applicationCacheEnabled: false, browserConnectionEnabled: false, browserName: chrome, chrome: {chromedriverVersion: 2.43.600210 (68dcf5eebde371..., userDataDir: C:\Users\smsc\AppData\Local...}, cssSelectorsEnabled: true, databaseEnabled: false, goog:chromeOptions: {debuggerAddress: localhost:6585}, handlesAlerts: true, hasTouchScreen: false, javascriptEnabled: true, locationContextEnabled: true, mobileEmulationEnabled: false, nativeEvents: true, networkConnectionEnabled: false, pageLoadStrategy: normal, platform: XP, platformName: XP, rotatable: false, setWindowRect: true, takesHeapSnapshot: true, takesScreenshot: true, unexpectedAlertBehaviour: , unhandledPromptBehavior: , version: 74.0.3729.169, webStorageEnabled: true}
Session ID: 0b42d7cd662082b691b91cecadf38110
*** Element info: {Using=xpath, value=//*[@class='page-scroll btn btn-primary app-store']//*[@class='btnBgSprite playStore']}
at org.openqa.selenium.remote.ErrorHandler.createThrowable(ErrorHandler.java:214)
at org.openqa.selenium.remote.ErrorHandler.throwIfResponseFailed(ErrorHandler.java:166)
at org.openqa.selenium.remote.http.JsonHttpResponseCodec.reconstructValue(JsonHttpResponseCodec.java:40)
at org.openqa.selenium.remote.http.AbstractHttpResponseCodec.decode(AbstractHttpResponseCodec.java:80)
at org.openqa.selenium.remote.http.AbstractHttpResponseCodec.decode(AbstractHttpResponseCodec.java:44)
at org.openqa.selenium.remote.HttpCommandExecutor.execute(HttpCommandExecutor.java:158)
at org.openqa.selenium.remote.service.DriverCommandExecutor.execute(DriverCommandExecutor.java:83)
at org.openqa.selenium.remote.RemoteWebDriver.execute(RemoteWebDriver.java:543)
at org.openqa.selenium.remote.RemoteWebDriver.findElement(RemoteWebDriver.java:317)
at org.openqa.selenium.remote.RemoteWebDriver.findElementByXPath(RemoteWebDriver.java:419)
at org.openqa.selenium.By$ByXPath.findElement(By.java:353)
at org.openqa.selenium.remote.RemoteWebDriver.findElement(RemoteWebDriver.java:309)
at GT.GT.HomePage.clickPlayStoreTab(HomePage.java:123)
at GT.Production.LiveGrpTalkHomePageTest.verifyPlayStoreTabFunctionality(LiveGrpTalkHomePageTest.java:267)
... Removed 29 stack frames]]>
    </failure>
  </testcase> <!-- verifyPlayStoreTabFunctionality -->
  <testcase name="verifyPricingLinkInFooterSection" time="1.012" classname="GT.Production.LiveGrpTalkHomePageTest"/>
  <testcase name="verifyPricingTabFunctionality" time="2.816" classname="GT.Production.LiveGrpTalkHomePageTest"/>
  <testcase name="verifyPrivacyAndDataUsageLinkInFooterSection" time="0.642" classname="GT.Production.LiveGrpTalkHomePageTest"/>
  <testcase name="verifyRequest_A_PriceTabFunctionality" time="2.962" classname="GT.Production.LiveGrpTalkHomePageTest"/>
  <testcase name="verifyScanQRCodeTabFunctionality" time="1.401" classname="GT.Production.LiveGrpTalkHomePageTest">
    <failure type="java.lang.AssertionError" message="expected [https://www.grptalk.com/] but found [https://web.grptalk.com/]">
      <![CDATA[java.lang.AssertionError: expected [https://www.grptalk.com/] but found [https://web.grptalk.com/]
at GT.Production.LiveGrpTalkHomePageTest.verifyScanQRCodeTabFunctionality(LiveGrpTalkHomePageTest.java:356)
... Removed 31 stack frames]]>
    </failure>
  </testcase> <!-- verifyScanQRCodeTabFunctionality -->
  <testcase name="verifySolutionsTabFunctionality" time="2.8" classname="GT.Production.LiveGrpTalkHomePageTest"/>
  <testcase name="verifyStartDemoFunctionality" time="5.992" classname="GT.Production.LiveGrpTalkHomePageTest"/>
  <testcase name="verifyTermsAndConditionsLinkInFooterSection" time="3.314" classname="GT.Production.LiveGrpTalkHomePageTest"/>
  <testcase name="verifyWebLoginFunctionality" time="0.955" classname="GT.Production.LiveGrpTalkHomePageTest">
    <failure type="java.lang.AssertionError" message="expected [https://www.grptalk.com/] but found [https://web.grptalk.com/]">
      <![CDATA[java.lang.AssertionError: expected [https://www.grptalk.com/] but found [https://web.grptalk.com/]
at GT.Production.LiveGrpTalkHomePageTest.verifyWebLoginFunctionality(LiveGrpTalkHomePageTest.java:310)
... Removed 31 stack frames]]>
    </failure>
  </testcase> <!-- verifyWebLoginFunctionality -->
  <testcase name="verifyWebLoginLinkInFooterSection" time="0.904" classname="GT.Production.LiveGrpTalkHomePageTest">
    <failure type="java.lang.AssertionError" message="expected [https://www.grptalk.com/] but found [https://web.grptalk.com/]">
      <![CDATA[java.lang.AssertionError: expected [https://www.grptalk.com/] but found [https://web.grptalk.com/]
at GT.Production.LiveGrpTalkHomePageTest.verifyWebLoginLinkInFooterSection(LiveGrpTalkHomePageTest.java:436)
... Removed 31 stack frames]]>
    </failure>
  </testcase> <!-- verifyWebLoginLinkInFooterSection -->
  <testcase name="verifyYouTubeVideoFunctionality" time="0.029" classname="GT.Production.LiveGrpTalkHomePageTest"/>
  <testcase name="verify_FAQ_LinkInFooterSection" time="1.257" classname="GT.Production.LiveGrpTalkHomePageTest"/>
  <testcase name="verifyChatFunctionality" time="0.0" classname="GT.Production.LiveGrpTalkHomePageTest">
    <ignored/>
  </testcase> <!-- verifyChatFunctionality -->
</testsuite> <!-- LiveGrpTalkHomePageTest -->
