<?xml version="1.0" encoding="UTF-8"?>
<!-- Generated by org.testng.reporters.JUnitXMLReporter -->
<testsuite hostname="DESKTOP-5HEF6VE" ignored="0" name="WebGrpTalkHomePageTest" tests="28" failures="1" timestamp="08 Jul 2019 11:51:17 GMT" time="948.136" errors="0">
  <testcase name="verifyAboutLinkInFooterSection" time="0.884" classname="GT.GT.WebGrpTalkHomePageTest"/>
  <testcase name="verifyAppStoreTabFunctionality" time="3.71" classname="GT.GT.WebGrpTalkHomePageTest"/>
  <testcase name="verifyBlogLinkInFooterSection" time="3.552" classname="GT.GT.WebGrpTalkHomePageTest"/>
  <testcase name="verifyContactLinkInFooterSection" time="0.748" classname="GT.GT.WebGrpTalkHomePageTest"/>
  <testcase name="verifyContactSalesButtonFunctionality" time="5.169" classname="GT.GT.WebGrpTalkHomePageTest"/>
  <testcase name="verifyCopyRightTextInFooterSection" time="0.103" classname="GT.GT.WebGrpTalkHomePageTest"/>
  <testcase name="verifyCustomerStoriesLinkInFooterSection" time="0.83" classname="GT.GT.WebGrpTalkHomePageTest"/>
  <testcase name="verifyCustomerStoriesTabFunctionality" time="0.612" classname="GT.GT.WebGrpTalkHomePageTest"/>
  <testcase name="verifyFeaturesLinkInFooterSection" time="0.541" classname="GT.GT.WebGrpTalkHomePageTest"/>
  <testcase name="verifyFeaturesTabFunctionality" time="0.54" classname="GT.GT.WebGrpTalkHomePageTest"/>
  <testcase name="verifyFunctionalityOfFacebookLogoInFooterSection" time="6.26" classname="GT.GT.WebGrpTalkHomePageTest"/>
  <testcase name="verifyFunctionalityOfTwitterLogoInFooterSection" time="6.567" classname="GT.GT.WebGrpTalkHomePageTest"/>
  <testcase name="verifyFunctionalityOfYoutubeLogoInFooterSection" time="6.247" classname="GT.GT.WebGrpTalkHomePageTest"/>
  <testcase name="verifyGrpTalkEmailAndContactDisplayedInHeaderScetion" time="0.187" classname="GT.GT.WebGrpTalkHomePageTest"/>
  <testcase name="verifyGrpTalkLogoFunctionality" time="5.141" classname="GT.GT.WebGrpTalkHomePageTest">
    <failure type="org.openqa.selenium.WebDriverException" message="unknown error: Element &amp;lt;img src=&amp;quot;/images/grptalk_logo.png&amp;quot; alt=&amp;quot;grptalk-logo&amp;quot; style=&amp;quot;width: 230px;&amp;quot;&amp;gt; is not clickable at point (145, 39). Other element would receive the click: &amp;lt;div class=&amp;quot;navbar-fixed-top orangeGradient&amp;quot; id=&amp;quot;homeNav&amp;quot;&amp;gt;...&amp;lt;/div&amp;gt;
  (Session info: chrome=75.0.3770.100)
  (Driver info: chromedriver=2.43.600210 (68dcf5eebde37173d4027fa8635e332711d2874a),platform=Windows NT 10.0.15063 x86_64) (WARNING: The server did not provide any stacktrace information)
Command duration or timeout: 0 milliseconds
Build info: version: &amp;apos;3.12.0&amp;apos;, revision: &amp;apos;7c6e0b3&amp;apos;, time: &amp;apos;2018-05-08T15:15:03.216Z&amp;apos;
System info: host: &amp;apos;DESKTOP-5HEF6VE&amp;apos;, ip: &amp;apos;192.168.72.155&amp;apos;, os.name: &amp;apos;Windows 10&amp;apos;, os.arch: &amp;apos;amd64&amp;apos;, os.version: &amp;apos;10.0&amp;apos;, java.version: &amp;apos;1.8.0_171&amp;apos;
Driver info: org.openqa.selenium.chrome.ChromeDriver
Capabilities {acceptInsecureCerts: false, acceptSslCerts: false, applicationCacheEnabled: false, browserConnectionEnabled: false, browserName: chrome, chrome: {chromedriverVersion: 2.43.600210 (68dcf5eebde371..., userDataDir: C:\Users\smsc\AppData\Local...}, cssSelectorsEnabled: true, databaseEnabled: false, goog:chromeOptions: {debuggerAddress: localhost:19709}, handlesAlerts: true, hasTouchScreen: false, javascriptEnabled: true, locationContextEnabled: true, mobileEmulationEnabled: false, nativeEvents: true, networkConnectionEnabled: false, pageLoadStrategy: normal, platform: XP, platformName: XP, rotatable: false, setWindowRect: true, takesHeapSnapshot: true, takesScreenshot: true, unexpectedAlertBehaviour: , unhandledPromptBehavior: , version: 75.0.3770.100, webStorageEnabled: true}
Session ID: fac7455de379efe6e4c48ec88e10056b">
      <![CDATA[org.openqa.selenium.WebDriverException: unknown error: Element <img src="/images/grptalk_logo.png" alt="grptalk-logo" style="width: 230px;"> is not clickable at point (145, 39). Other element would receive the click: <div class="navbar-fixed-top orangeGradient" id="homeNav">...</div>
  (Session info: chrome=75.0.3770.100)
  (Driver info: chromedriver=2.43.600210 (68dcf5eebde37173d4027fa8635e332711d2874a),platform=Windows NT 10.0.15063 x86_64) (WARNING: The server did not provide any stacktrace information)
Command duration or timeout: 0 milliseconds
Build info: version: '3.12.0', revision: '7c6e0b3', time: '2018-05-08T15:15:03.216Z'
System info: host: 'DESKTOP-5HEF6VE', ip: '192.168.72.155', os.name: 'Windows 10', os.arch: 'amd64', os.version: '10.0', java.version: '1.8.0_171'
Driver info: org.openqa.selenium.chrome.ChromeDriver
Capabilities {acceptInsecureCerts: false, acceptSslCerts: false, applicationCacheEnabled: false, browserConnectionEnabled: false, browserName: chrome, chrome: {chromedriverVersion: 2.43.600210 (68dcf5eebde371..., userDataDir: C:\Users\smsc\AppData\Local...}, cssSelectorsEnabled: true, databaseEnabled: false, goog:chromeOptions: {debuggerAddress: localhost:19709}, handlesAlerts: true, hasTouchScreen: false, javascriptEnabled: true, locationContextEnabled: true, mobileEmulationEnabled: false, nativeEvents: true, networkConnectionEnabled: false, pageLoadStrategy: normal, platform: XP, platformName: XP, rotatable: false, setWindowRect: true, takesHeapSnapshot: true, takesScreenshot: true, unexpectedAlertBehaviour: , unhandledPromptBehavior: , version: 75.0.3770.100, webStorageEnabled: true}
Session ID: fac7455de379efe6e4c48ec88e10056b
at org.openqa.selenium.remote.ErrorHandler.createThrowable(ErrorHandler.java:214)
at org.openqa.selenium.remote.ErrorHandler.throwIfResponseFailed(ErrorHandler.java:166)
at org.openqa.selenium.remote.http.JsonHttpResponseCodec.reconstructValue(JsonHttpResponseCodec.java:40)
at org.openqa.selenium.remote.http.AbstractHttpResponseCodec.decode(AbstractHttpResponseCodec.java:80)
at org.openqa.selenium.remote.http.AbstractHttpResponseCodec.decode(AbstractHttpResponseCodec.java:44)
at org.openqa.selenium.remote.HttpCommandExecutor.execute(HttpCommandExecutor.java:158)
at org.openqa.selenium.remote.service.DriverCommandExecutor.execute(DriverCommandExecutor.java:83)
at org.openqa.selenium.remote.RemoteWebDriver.execute(RemoteWebDriver.java:543)
at org.openqa.selenium.remote.RemoteWebElement.execute(RemoteWebElement.java:276)
at org.openqa.selenium.remote.RemoteWebElement.click(RemoteWebElement.java:83)
at GT.GT.WebGrpTalkHomePage.clickGrpTalkLogo(WebGrpTalkHomePage.java:212)
at GT.GT.WebGrpTalkHomePageTest.verifyGrpTalkLogoFunctionality(WebGrpTalkHomePageTest.java:94)
... Removed 28 stack frames]]>
    </failure>
  </testcase> <!-- verifyGrpTalkLogoFunctionality -->
  <testcase name="verifyHomeLinkInFooterSection" time="1.286" classname="GT.GT.WebGrpTalkHomePageTest"/>
  <testcase name="verifyHowItWorksLinkInFooterSection" time="0.808" classname="GT.GT.WebGrpTalkHomePageTest"/>
  <testcase name="verifyHowItWorksTabFunctionality" time="0.777" classname="GT.GT.WebGrpTalkHomePageTest"/>
  <testcase name="verifyPlayStoreTabFunctionality" time="1.526" classname="GT.GT.WebGrpTalkHomePageTest"/>
  <testcase name="verifyPricingLinkInFooterSection" time="0.736" classname="GT.GT.WebGrpTalkHomePageTest"/>
  <testcase name="verifyPricingTabFunctionality" time="3.158" classname="GT.GT.WebGrpTalkHomePageTest"/>
  <testcase name="verifyPrivacyAndDataUsageLinkInFooterSection" time="0.567" classname="GT.GT.WebGrpTalkHomePageTest"/>
  <testcase name="verifySolutionsTabFunctionality" time="4.485" classname="GT.GT.WebGrpTalkHomePageTest"/>
  <testcase name="verifyTermsAndConditionsLinkInFooterSection" time="4.733" classname="GT.GT.WebGrpTalkHomePageTest"/>
  <testcase name="verifyVisibilityOfImgQRCodeOnWebGrpTalkPage" time="0.046" classname="GT.GT.WebGrpTalkHomePageTest"/>
  <testcase name="verifyWebLoginFunctionality" time="1.246" classname="GT.GT.WebGrpTalkHomePageTest"/>
  <testcase name="verifyWebLoginLinkInFooterSection" time="1.033" classname="GT.GT.WebGrpTalkHomePageTest"/>
  <testcase name="verify_FAQ_LinkInFooterSection" time="0.603" classname="GT.GT.WebGrpTalkHomePageTest"/>
</testsuite> <!-- WebGrpTalkHomePageTest -->
